Revert start with dirIn: /Volumes/Black/Develop/Crack/Tools/Cocos/cocos-revert-2x/input/assets  dirOut: /Volumes/Black/Develop/Crack/Tools/Cocos/cocos-revert-2x/output/
Scanning file: /Volumes/Black/Develop/Crack/Tools/Cocos/cocos-revert-2x/input/assets/internal/config.json
Scanning file: /Volumes/Black/Develop/Crack/Tools/Cocos/cocos-revert-2x/input/assets/internal/import/0b/0b6c4470e.9537f.json
Scanning file: /Volumes/Black/Develop/Crack/Tools/Cocos/cocos-revert-2x/input/assets/internal/index.js
Scanning file: /Volumes/Black/Develop/Crack/Tools/Cocos/cocos-revert-2x/input/assets/internal/native/02/0275e94c-56a7-410f-bd1a-fc7483f7d14a.cea68.png
Scanning file: /Volumes/Black/Develop/Crack/Tools/Cocos/cocos-revert-2x/input/assets/internal/native/60/600301aa-3357-4a10-b086-84f011fa32ba.c3a3a.png
Scanning file: /Volumes/Black/Develop/Crack/Tools/Cocos/cocos-revert-2x/input/assets/main/config.json
Scanning file: /Volumes/Black/Develop/Crack/Tools/Cocos/cocos-revert-2x/input/assets/main/import/21/2165d9c5-1077-4a79-99ba-631ffb73bcbf.f3527.json
Scanning file: /Volumes/Black/Develop/Crack/Tools/Cocos/cocos-revert-2x/input/assets/main/index.js
Scanning file: /Volumes/Black/Develop/Crack/Tools/Cocos/cocos-revert-2x/input/assets/resources/config.json
Scanning file: /Volumes/Black/Develop/Crack/Tools/Cocos/cocos-revert-2x/input/assets/resources/import/02/027d05419.fb54a.json
Scanning file: /Volumes/Black/Develop/Crack/Tools/Cocos/cocos-revert-2x/input/assets/resources/import/02/0281e62bd.313c0.json
Scanning file: /Volumes/Black/Develop/Crack/Tools/Cocos/cocos-revert-2x/input/assets/resources/import/02/028372637.2b949.json
Scanning file: /Volumes/Black/Develop/Crack/Tools/Cocos/cocos-revert-2x/input/assets/resources/import/03/039869c3-6084-4b63-b973-87eda07cf9a3.dcbf0.json
Scanning file: /Volumes/Black/Develop/Crack/Tools/Cocos/cocos-revert-2x/input/assets/resources/import/03/03d371fd-8dc0-472f-8e7e-ca5d4bee7735.7bd40.json
Scanning file: /Volumes/Black/Develop/Crack/Tools/Cocos/cocos-revert-2x/input/assets/resources/import/07/074485599.f18cb.json
Scanning file: /Volumes/Black/Develop/Crack/Tools/Cocos/cocos-revert-2x/input/assets/resources/import/07/075edf41-01b3-4265-8075-8fc259adb3ce.df2d7.json
Scanning file: /Volumes/Black/Develop/Crack/Tools/Cocos/cocos-revert-2x/input/assets/resources/import/07/07960a0b0.1ed4d.json
Scanning file: /Volumes/Black/Develop/Crack/Tools/Cocos/cocos-revert-2x/input/assets/resources/import/07/07da329be.da9f6.json
Scanning file: /Volumes/Black/Develop/Crack/Tools/Cocos/cocos-revert-2x/input/assets/resources/import/08/08b5e1d97.669d5.json
Scanning file: /Volumes/Black/Develop/Crack/Tools/Cocos/cocos-revert-2x/input/assets/resources/import/09/098509480.c79fd.json
Scanning file: /Volumes/Black/Develop/Crack/Tools/Cocos/cocos-revert-2x/input/assets/resources/import/0b/0beabfc5b.f3495.json
Scanning file: /Volumes/Black/Develop/Crack/Tools/Cocos/cocos-revert-2x/input/assets/resources/import/0c/0cb187785.e5434.json
Scanning file: /Volumes/Black/Develop/Crack/Tools/Cocos/cocos-revert-2x/input/assets/resources/import/0d/0d12d092-2f77-44ef-9948-9e954dc99049.2e875.json
Scanning file: /Volumes/Black/Develop/Crack/Tools/Cocos/cocos-revert-2x/input/assets/resources/import/0e/0e2b55118.5f782.json
Scanning file: /Volumes/Black/Develop/Crack/Tools/Cocos/cocos-revert-2x/input/assets/resources/import/0f/0f4ffaebf.dc48c.json
Scanning file: /Volumes/Black/Develop/Crack/Tools/Cocos/cocos-revert-2x/input/assets/resources/import/0f/0f52c351-7413-4844-8905-62eb47e4f27f.74630.json
Scanning file: /Volumes/Black/Develop/Crack/Tools/Cocos/cocos-revert-2x/input/assets/resources/import/0f/0f693e83-ca27-4e62-9c93-2e33bc529a2b.cadcf.json
Scanning file: /Volumes/Black/Develop/Crack/Tools/Cocos/cocos-revert-2x/input/assets/resources/import/12/1232bc7b-5516-425a-a5ab-f22a85e303bf.0df22.json
Scanning file: /Volumes/Black/Develop/Crack/Tools/Cocos/cocos-revert-2x/input/assets/resources/import/12/1262c0f8-dd38-4bba-ab92-92d0a069f28c.81eb3.json
Scanning file: /Volumes/Black/Develop/Crack/Tools/Cocos/cocos-revert-2x/input/assets/resources/import/14/148548f9-be5a-467a-aa68-6be95639882e.c4fce.json
Scanning file: /Volumes/Black/Develop/Crack/Tools/Cocos/cocos-revert-2x/input/assets/resources/import/1f/1f8daf03-583d-4163-96e5-c475cd779151.80dcb.json
Scanning file: /Volumes/Black/Develop/Crack/Tools/Cocos/cocos-revert-2x/input/assets/resources/import/27/275f18c4-6023-4e75-b9d9-866b3f4383ea.1c50a.json
Scanning file: /Volumes/Black/Develop/Crack/Tools/Cocos/cocos-revert-2x/input/assets/resources/import/28/2817f0df-adf1-4ceb-ac4b-3012df31a90a.a02cc.json
Scanning file: /Volumes/Black/Develop/Crack/Tools/Cocos/cocos-revert-2x/input/assets/resources/import/2c/2cab8829-b603-45e3-95f6-0a2fb21599be.81123.json
Scanning file: /Volumes/Black/Develop/Crack/Tools/Cocos/cocos-revert-2x/input/assets/resources/import/30/309903f3-a0ce-4b55-b277-e5cc16372b7b.98576.json
Scanning file: /Volumes/Black/Develop/Crack/Tools/Cocos/cocos-revert-2x/input/assets/resources/import/31/31d74298-1ec1-41ec-9797-3efbd89a2ff3.33def.json
Scanning file: /Volumes/Black/Develop/Crack/Tools/Cocos/cocos-revert-2x/input/assets/resources/import/3a/3a686f35-e43f-4fb5-8f5b-b69dd3ab40f7.75c9d.json
Scanning file: /Volumes/Black/Develop/Crack/Tools/Cocos/cocos-revert-2x/input/assets/resources/import/3d/3d3e4849-6ce3-417a-8f3d-d3da6baa7e48.50403.json
Scanning file: /Volumes/Black/Develop/Crack/Tools/Cocos/cocos-revert-2x/input/assets/resources/import/3e/3e7f626b-53a7-416f-a7bb-12d1e9411987.82b50.json
Scanning file: /Volumes/Black/Develop/Crack/Tools/Cocos/cocos-revert-2x/input/assets/resources/import/43/430072a0-29b2-417e-ae53-ff6f3d8c875d.b90f6.json
Scanning file: /Volumes/Black/Develop/Crack/Tools/Cocos/cocos-revert-2x/input/assets/resources/import/44/44ba9ce7-2f85-4648-a94a-d093882e8ed8.c9f4d.json
Scanning file: /Volumes/Black/Develop/Crack/Tools/Cocos/cocos-revert-2x/input/assets/resources/import/46/460a5050-43ff-436d-8f4c-5f4c92b89a93.ef988.json
Scanning file: /Volumes/Black/Develop/Crack/Tools/Cocos/cocos-revert-2x/input/assets/resources/import/4d/4d8e6cbe-addd-47be-b64d-80fa40f6fe7a.d9723.json
Scanning file: /Volumes/Black/Develop/Crack/Tools/Cocos/cocos-revert-2x/input/assets/resources/import/52/5222b07f-cffd-4dff-8644-df198ad67b3b.fb6b3.json
Scanning file: /Volumes/Black/Develop/Crack/Tools/Cocos/cocos-revert-2x/input/assets/resources/import/54/54e5760d-de76-4def-b1fc-1304c8a81942.ba1de.json
Scanning file: /Volumes/Black/Develop/Crack/Tools/Cocos/cocos-revert-2x/input/assets/resources/import/55/550b4002-d9b5-488d-a0bd-c9793d8a8fcd.c5efe.json
Scanning file: /Volumes/Black/Develop/Crack/Tools/Cocos/cocos-revert-2x/input/assets/resources/import/56/5630a34c-29f6-4dfc-83b6-2f76119e7952.3d639.json
Scanning file: /Volumes/Black/Develop/Crack/Tools/Cocos/cocos-revert-2x/input/assets/resources/import/56/56363dca-6931-42aa-8653-36093f3bfdef.7724e.json
Scanning file: /Volumes/Black/Develop/Crack/Tools/Cocos/cocos-revert-2x/input/assets/resources/import/57/571bcd8c-628c-40de-adec-6e45a085b375.ece51.json
Scanning file: /Volumes/Black/Develop/Crack/Tools/Cocos/cocos-revert-2x/input/assets/resources/import/60/60be5a3f-6146-4597-a536-26a88990cf70.5aa68.json
Scanning file: /Volumes/Black/Develop/Crack/Tools/Cocos/cocos-revert-2x/input/assets/resources/import/61/6135d379-2118-4946-8a15-30695241f470.f48d2.json
Scanning file: /Volumes/Black/Develop/Crack/Tools/Cocos/cocos-revert-2x/input/assets/resources/import/62/622415df-1067-443c-9c24-a6daf054be04.ec5ff.json
Scanning file: /Volumes/Black/Develop/Crack/Tools/Cocos/cocos-revert-2x/input/assets/resources/import/62/6259f87a-3263-4c51-9210-6d3d553c9386.0fc45.json
Scanning file: /Volumes/Black/Develop/Crack/Tools/Cocos/cocos-revert-2x/input/assets/resources/import/62/628d0caa-eb3d-4e69-ac09-2d2f780e90eb.2d188.json
Scanning file: /Volumes/Black/Develop/Crack/Tools/Cocos/cocos-revert-2x/input/assets/resources/import/6c/6c39afbe-350d-4fc9-8d2e-8251292785e9.56a86.json
Scanning file: /Volumes/Black/Develop/Crack/Tools/Cocos/cocos-revert-2x/input/assets/resources/import/71/71d47c2a-e2d4-4513-a20d-a084753d9534.832af.json
Scanning file: /Volumes/Black/Develop/Crack/Tools/Cocos/cocos-revert-2x/input/assets/resources/import/75/754f3b7f-4ba1-4e58-bb3f-3813c7f1902d.395a4.json
Scanning file: /Volumes/Black/Develop/Crack/Tools/Cocos/cocos-revert-2x/input/assets/resources/import/76/767fa162-9853-4d26-a5d3-1a5c75d778af.602e4.json
Scanning file: /Volumes/Black/Develop/Crack/Tools/Cocos/cocos-revert-2x/input/assets/resources/import/77/771fb139-0e6f-4541-8604-083a2ebe7b5e.2a98c.json
Scanning file: /Volumes/Black/Develop/Crack/Tools/Cocos/cocos-revert-2x/input/assets/resources/import/7d/7db7c69f-1389-4ee2-a36b-be830f74b5f5.21b5b.json
Scanning file: /Volumes/Black/Develop/Crack/Tools/Cocos/cocos-revert-2x/input/assets/resources/import/85/85b14459-e386-419a-a775-3455fef9f4eb.fef1c.json
Scanning file: /Volumes/Black/Develop/Crack/Tools/Cocos/cocos-revert-2x/input/assets/resources/import/93/931c4551-2e59-4c2c-a697-3720dd2a09dd.687e3.json
Scanning file: /Volumes/Black/Develop/Crack/Tools/Cocos/cocos-revert-2x/input/assets/resources/import/93/93b6856c-7491-4cbe-a65f-ce1adc87892a.bc65e.json
Scanning file: /Volumes/Black/Develop/Crack/Tools/Cocos/cocos-revert-2x/input/assets/resources/import/96/96346813-bf94-496b-9b5a-aced1c414e13.b7f14.json
Scanning file: /Volumes/Black/Develop/Crack/Tools/Cocos/cocos-revert-2x/input/assets/resources/import/9a/9a8ecef2-3b8c-4341-a16c-0f9f8dcea9f7.aa6e4.json
Scanning file: /Volumes/Black/Develop/Crack/Tools/Cocos/cocos-revert-2x/input/assets/resources/import/9d/9d0d8226-3acc-4877-a760-0a1b974d4d21.005fa.json
Scanning file: /Volumes/Black/Develop/Crack/Tools/Cocos/cocos-revert-2x/input/assets/resources/import/a0/a0f72754-9f6b-4db4-ada0-e94f4a3b4863.ad625.json
Scanning file: /Volumes/Black/Develop/Crack/Tools/Cocos/cocos-revert-2x/input/assets/resources/import/a1/a1ba2536-d9cd-46ba-afd5-ad7a7b142983.7fbbf.json
Scanning file: /Volumes/Black/Develop/Crack/Tools/Cocos/cocos-revert-2x/input/assets/resources/import/a2/a23235d1-15db-4b95-8439-a2e005bfff91.43d76.json
Scanning file: /Volumes/Black/Develop/Crack/Tools/Cocos/cocos-revert-2x/input/assets/resources/import/a6/a67dc8c6-1ea6-483f-96dd-af0d62c47772.0899b.json
Scanning file: /Volumes/Black/Develop/Crack/Tools/Cocos/cocos-revert-2x/input/assets/resources/import/a6/a6c7ab8a-136e-46a1-97e5-341878e11328.36849.json
Scanning file: /Volumes/Black/Develop/Crack/Tools/Cocos/cocos-revert-2x/input/assets/resources/import/aa/aad7086e-65e8-44c4-905f-63796477e964.469f8.json
Scanning file: /Volumes/Black/Develop/Crack/Tools/Cocos/cocos-revert-2x/input/assets/resources/import/aa/aafaef57-cc95-496b-896c-8352a249e936.cc333.json
Scanning file: /Volumes/Black/Develop/Crack/Tools/Cocos/cocos-revert-2x/input/assets/resources/import/ac/ac35b6c8-8634-40e4-addd-6a9c25aaa870.aa3f5.json
Scanning file: /Volumes/Black/Develop/Crack/Tools/Cocos/cocos-revert-2x/input/assets/resources/import/af/af2ed5d2-da17-413a-ae54-c75e7883966e.b2fe6.json
Scanning file: /Volumes/Black/Develop/Crack/Tools/Cocos/cocos-revert-2x/input/assets/resources/import/b2/b20734d4-ba39-487b-a1e9-11eae99e73cd.6a190.json
Scanning file: /Volumes/Black/Develop/Crack/Tools/Cocos/cocos-revert-2x/input/assets/resources/import/b2/b21fe651-c5e8-4ebe-a0be-1a9b63d8b4ba.6f9fb.json
Scanning file: /Volumes/Black/Develop/Crack/Tools/Cocos/cocos-revert-2x/input/assets/resources/import/b3/b3034b04-2244-42a3-b454-e4003890740d.91df3.json
Scanning file: /Volumes/Black/Develop/Crack/Tools/Cocos/cocos-revert-2x/input/assets/resources/import/b4/b4689907-1cd5-4c7a-932c-aee589b6af97.dc8bd.json
Scanning file: /Volumes/Black/Develop/Crack/Tools/Cocos/cocos-revert-2x/input/assets/resources/import/b4/b4b26f06-b9d9-442b-8494-9c1ce23e03ba.aba74.json
Scanning file: /Volumes/Black/Develop/Crack/Tools/Cocos/cocos-revert-2x/input/assets/resources/import/b4/b4fc44bb-13e2-4fa0-baca-1df6ec984367.4c04a.json
Scanning file: /Volumes/Black/Develop/Crack/Tools/Cocos/cocos-revert-2x/input/assets/resources/import/ba/ba360b93-6868-4c64-b33a-90868fcd3e3e.df4b9.json
Scanning file: /Volumes/Black/Develop/Crack/Tools/Cocos/cocos-revert-2x/input/assets/resources/import/c2/c2cafeba-84cf-4bff-8eb8-8752d8798c88.8d46f.json
Scanning file: /Volumes/Black/Develop/Crack/Tools/Cocos/cocos-revert-2x/input/assets/resources/import/c8/c80dc275-e525-44ff-9f28-ba15a1f80f0f.7bb37.json
Scanning file: /Volumes/Black/Develop/Crack/Tools/Cocos/cocos-revert-2x/input/assets/resources/import/c9/c9e5a0e7-8015-4279-92fa-f2cb7ce8db75.6b7f9.json
Scanning file: /Volumes/Black/Develop/Crack/Tools/Cocos/cocos-revert-2x/input/assets/resources/import/d6/d689dbd5-a4ba-49d1-9a80-cba03b0e9d14.a517b.json
Scanning file: /Volumes/Black/Develop/Crack/Tools/Cocos/cocos-revert-2x/input/assets/resources/import/df/dff34c45-2ae6-482c-b564-58f236384ee2.92b9b.json
Scanning file: /Volumes/Black/Develop/Crack/Tools/Cocos/cocos-revert-2x/input/assets/resources/import/e0/e0dbfcbf-18aa-4879-bf7e-648fa1fbf727.b49b4.json
Scanning file: /Volumes/Black/Develop/Crack/Tools/Cocos/cocos-revert-2x/input/assets/resources/import/e1/e1d80e95-6948-4689-bcc4-09be82188371.33753.json
Scanning file: /Volumes/Black/Develop/Crack/Tools/Cocos/cocos-revert-2x/input/assets/resources/import/e6/e654318f-b456-42eb-b65e-e9c5ebe54203.9caac.json
Scanning file: /Volumes/Black/Develop/Crack/Tools/Cocos/cocos-revert-2x/input/assets/resources/import/e8/e8e62cff-ef3e-4f23-914f-e6849dac5c3a.86b8c.json
Scanning file: /Volumes/Black/Develop/Crack/Tools/Cocos/cocos-revert-2x/input/assets/resources/import/eb/ebc6b0c1-8ae5-42fb-979b-4779bd4a5d4e.df439.json
Scanning file: /Volumes/Black/Develop/Crack/Tools/Cocos/cocos-revert-2x/input/assets/resources/import/ec/ec552053-b8b7-4ab5-afc6-a57d800d3086.a076e.json
Scanning file: /Volumes/Black/Develop/Crack/Tools/Cocos/cocos-revert-2x/input/assets/resources/import/f1/f1039616-c5cd-423b-bd10-713966bc8019.399cb.json
Scanning file: /Volumes/Black/Develop/Crack/Tools/Cocos/cocos-revert-2x/input/assets/resources/import/f5/f512b8c8-f635-458c-8aeb-ecf12b361c12.09519.json
Scanning file: /Volumes/Black/Develop/Crack/Tools/Cocos/cocos-revert-2x/input/assets/resources/import/f8/f88d841d-2d79-4d87-a5c2-4a0022513138.f1a4d.json
Scanning file: /Volumes/Black/Develop/Crack/Tools/Cocos/cocos-revert-2x/input/assets/resources/import/fb/fb5b8761-d7d4-473e-932c-7b62244c7bfa.95b24.json
Scanning file: /Volumes/Black/Develop/Crack/Tools/Cocos/cocos-revert-2x/input/assets/resources/index.js
Scanning file: /Volumes/Black/Develop/Crack/Tools/Cocos/cocos-revert-2x/input/assets/resources/native/00/0040b2ff-9e4e-4df3-a678-e9d37706a5a6.3426f.png
Scanning file: /Volumes/Black/Develop/Crack/Tools/Cocos/cocos-revert-2x/input/assets/resources/native/08/08b98e48-891d-4b01-bf1e-d48e535efd77.6026b.png
Scanning file: /Volumes/Black/Develop/Crack/Tools/Cocos/cocos-revert-2x/input/assets/resources/native/09/096e346d-4f75-487d-b8fa-780adfc708ba.ca09b.png
Scanning file: /Volumes/Black/Develop/Crack/Tools/Cocos/cocos-revert-2x/input/assets/resources/native/0b/0b47baa3-ddfc-4f36-a457-f4cdc19bfaba.69f62.png
Scanning file: /Volumes/Black/Develop/Crack/Tools/Cocos/cocos-revert-2x/input/assets/resources/native/0b/0b518db9-0d4a-449d-b34e-349aba77076f.3a9f4.png
Scanning file: /Volumes/Black/Develop/Crack/Tools/Cocos/cocos-revert-2x/input/assets/resources/native/0d/0d10958c-39dd-44a5-b5de-b55d4a498300.7c856.png
Scanning file: /Volumes/Black/Develop/Crack/Tools/Cocos/cocos-revert-2x/input/assets/resources/native/0d/0d4c1754-a49c-4d58-acee-2376793714f6.9c2d1.png
Scanning file: /Volumes/Black/Develop/Crack/Tools/Cocos/cocos-revert-2x/input/assets/resources/native/0e/0e5f9e6c-a97b-436f-aa4a-ec76e5d9eeb4.5a5cf.png
Scanning file: /Volumes/Black/Develop/Crack/Tools/Cocos/cocos-revert-2x/input/assets/resources/native/0f/0ff941da-f40d-4f2d-9470-fca29f234210.84f62.png
Scanning file: /Volumes/Black/Develop/Crack/Tools/Cocos/cocos-revert-2x/input/assets/resources/native/10/1025eea0-c72f-4a40-aede-ec39ba7bf003.825ed.png
Scanning file: /Volumes/Black/Develop/Crack/Tools/Cocos/cocos-revert-2x/input/assets/resources/native/12/12020062-9a24-4d82-8829-1cbe48b85e2c.b5139.png
Scanning file: /Volumes/Black/Develop/Crack/Tools/Cocos/cocos-revert-2x/input/assets/resources/native/12/12683c1e-cd8e-4eda-9aca-4563e6991524.b8984.png
Scanning file: /Volumes/Black/Develop/Crack/Tools/Cocos/cocos-revert-2x/input/assets/resources/native/16/16eb8434-45e1-43d6-89fa-d498ac29ed03.31b0c.png
Scanning file: /Volumes/Black/Develop/Crack/Tools/Cocos/cocos-revert-2x/input/assets/resources/native/18/18cae212-98f9-4764-b4f9-e545c64b22e1.caa33.png
Scanning file: /Volumes/Black/Develop/Crack/Tools/Cocos/cocos-revert-2x/input/assets/resources/native/19/19588c97-8b6c-4e97-b073-57f64d6c60f8.2125e.png
Scanning file: /Volumes/Black/Develop/Crack/Tools/Cocos/cocos-revert-2x/input/assets/resources/native/1a/1a5ad9df-70dc-4947-b7b2-81f91452e587.cee29.png
Scanning file: /Volumes/Black/Develop/Crack/Tools/Cocos/cocos-revert-2x/input/assets/resources/native/1a/1a9502ed-78f0-4c0b-80c1-a639068f2c81.8804e.png
Scanning file: /Volumes/Black/Develop/Crack/Tools/Cocos/cocos-revert-2x/input/assets/resources/native/1f/1f8daf03-583d-4163-96e5-c475cd779151.537d3.mp3
Scanning file: /Volumes/Black/Develop/Crack/Tools/Cocos/cocos-revert-2x/input/assets/resources/native/25/250b5d26-72b3-4ad4-b1a1-bb3c1e9d7c49.42bb6.png
Scanning file: /Volumes/Black/Develop/Crack/Tools/Cocos/cocos-revert-2x/input/assets/resources/native/26/264cd805-9806-4e0c-86dd-190c06125c52.bd7a7.png
Scanning file: /Volumes/Black/Develop/Crack/Tools/Cocos/cocos-revert-2x/input/assets/resources/native/27/27566b9c-7b09-4e59-b1ec-c21778757a54.20fc6.png
Scanning file: /Volumes/Black/Develop/Crack/Tools/Cocos/cocos-revert-2x/input/assets/resources/native/28/28ebf5f8-dc7b-4cd0-92b5-7cf1b2f9f1f5.99028.png
Scanning file: /Volumes/Black/Develop/Crack/Tools/Cocos/cocos-revert-2x/input/assets/resources/native/2c/2c5a6e41-862e-41e7-b397-ef6d0ed2bf73.8902f.png
Scanning file: /Volumes/Black/Develop/Crack/Tools/Cocos/cocos-revert-2x/input/assets/resources/native/2c/2c6be0cc-a795-4b19-8d2d-c5805230b7b0.db7ec.png
Scanning file: /Volumes/Black/Develop/Crack/Tools/Cocos/cocos-revert-2x/input/assets/resources/native/2d/2dcfaf06-dfa3-41aa-80ca-03b82e819f63.876cd.png
Scanning file: /Volumes/Black/Develop/Crack/Tools/Cocos/cocos-revert-2x/input/assets/resources/native/33/33eaf3e0-9ee2-4443-885c-fd145edfa15c.9a566.png
Scanning file: /Volumes/Black/Develop/Crack/Tools/Cocos/cocos-revert-2x/input/assets/resources/native/34/345c55df-302f-400b-8c2c-134bbbe9fd16.8074b.png
Scanning file: /Volumes/Black/Develop/Crack/Tools/Cocos/cocos-revert-2x/input/assets/resources/native/39/392ade94-b6fd-4223-bfbb-ac689636f677.da042.png
Scanning file: /Volumes/Black/Develop/Crack/Tools/Cocos/cocos-revert-2x/input/assets/resources/native/3b/3bdc6d45-5e6c-46c6-81ec-ee3d867cfa9f.1f919.png
Scanning file: /Volumes/Black/Develop/Crack/Tools/Cocos/cocos-revert-2x/input/assets/resources/native/3d/3d39e8b2-ddee-4256-b54f-64e425e57489.264d7.png
Scanning file: /Volumes/Black/Develop/Crack/Tools/Cocos/cocos-revert-2x/input/assets/resources/native/3e/3e590321-6bbc-41c3-b29d-547d2a648167.8c8a9.png
Scanning file: /Volumes/Black/Develop/Crack/Tools/Cocos/cocos-revert-2x/input/assets/resources/native/3f/3fe07a38-abe1-40d5-8709-dc625beaeb28.d578d.png
Scanning file: /Volumes/Black/Develop/Crack/Tools/Cocos/cocos-revert-2x/input/assets/resources/native/42/42b0ba0f-28f5-44d5-8c68-1d086083d9bc.a3625.png
Scanning file: /Volumes/Black/Develop/Crack/Tools/Cocos/cocos-revert-2x/input/assets/resources/native/45/455bd2d4-dc32-4b99-9a06-f70bd0601e87.6473d.png
Scanning file: /Volumes/Black/Develop/Crack/Tools/Cocos/cocos-revert-2x/input/assets/resources/native/46/460a5050-43ff-436d-8f4c-5f4c92b89a93.ddfcb.mp3
Scanning file: /Volumes/Black/Develop/Crack/Tools/Cocos/cocos-revert-2x/input/assets/resources/native/47/47fd7350-6c78-4484-b871-c86f7da998f2.318ee.png
Scanning file: /Volumes/Black/Develop/Crack/Tools/Cocos/cocos-revert-2x/input/assets/resources/native/49/49ddfbc7-78f6-4a81-8cc1-4632b74e3f2a.e9d72.png
Scanning file: /Volumes/Black/Develop/Crack/Tools/Cocos/cocos-revert-2x/input/assets/resources/native/4b/4b123397-717a-423e-94df-de08347b6178.5c7e1.png
Scanning file: /Volumes/Black/Develop/Crack/Tools/Cocos/cocos-revert-2x/input/assets/resources/native/4c/4c08a1b4-021a-49f3-aa4e-2ae68839f796.0da42.png
Scanning file: /Volumes/Black/Develop/Crack/Tools/Cocos/cocos-revert-2x/input/assets/resources/native/4e/4ee19ebd-6a9d-4746-9796-73f179083593.f38b2.png
Scanning file: /Volumes/Black/Develop/Crack/Tools/Cocos/cocos-revert-2x/input/assets/resources/native/4f/4ff423ee-8ee3-4612-9a01-47b67edd4527.5751d.png
Scanning file: /Volumes/Black/Develop/Crack/Tools/Cocos/cocos-revert-2x/input/assets/resources/native/51/51a256b4-bf8c-44e4-a4b8-fd54c1145c3a.6afc9.png
Scanning file: /Volumes/Black/Develop/Crack/Tools/Cocos/cocos-revert-2x/input/assets/resources/native/52/52f5d5e1-62ec-4f77-894a-d12e8c78880b.cf5a5.png
Scanning file: /Volumes/Black/Develop/Crack/Tools/Cocos/cocos-revert-2x/input/assets/resources/native/53/53737382-e4fc-470f-a8e4-c2984818cca4.9f156.png
Scanning file: /Volumes/Black/Develop/Crack/Tools/Cocos/cocos-revert-2x/input/assets/resources/native/59/5919a60a-ee8c-475e-9f97-c04a6255af9b.f5b55.png
Scanning file: /Volumes/Black/Develop/Crack/Tools/Cocos/cocos-revert-2x/input/assets/resources/native/5b/5b4fa10e-1136-4cee-97a1-b0a6c2ce7c4d.7bbc1.png
Scanning file: /Volumes/Black/Develop/Crack/Tools/Cocos/cocos-revert-2x/input/assets/resources/native/5c/5cc4e3db-b949-48a5-90ec-34afbd05092f.d9652.png
Scanning file: /Volumes/Black/Develop/Crack/Tools/Cocos/cocos-revert-2x/input/assets/resources/native/5f/5f8e04a4-946d-4c81-96a8-08944e557be0.154d8.png
Scanning file: /Volumes/Black/Develop/Crack/Tools/Cocos/cocos-revert-2x/input/assets/resources/native/60/60ccd625-3ec8-420a-af19-b187d5648927.f39de.png
Scanning file: /Volumes/Black/Develop/Crack/Tools/Cocos/cocos-revert-2x/input/assets/resources/native/61/61875cbf-b8d1-464e-bffa-3c20189b3f31.73398.png
Scanning file: /Volumes/Black/Develop/Crack/Tools/Cocos/cocos-revert-2x/input/assets/resources/native/62/62f6ecd6-2cd9-4797-9119-13889eb40b49.8044d.png
Scanning file: /Volumes/Black/Develop/Crack/Tools/Cocos/cocos-revert-2x/input/assets/resources/native/63/63f05917-2bbd-4cda-905e-65b1890951d0.e0d7f.png
Scanning file: /Volumes/Black/Develop/Crack/Tools/Cocos/cocos-revert-2x/input/assets/resources/native/64/640962bb-053f-45ec-9495-70e8bbea3e41.9a5aa.png
Scanning file: /Volumes/Black/Develop/Crack/Tools/Cocos/cocos-revert-2x/input/assets/resources/native/64/6445af01-a304-4a0d-af28-fc12e66e37af.3c6dd.png
Scanning file: /Volumes/Black/Develop/Crack/Tools/Cocos/cocos-revert-2x/input/assets/resources/native/67/67836057-dc20-4c1c-8251-69eabdf0d33c.efc60.png
Scanning file: /Volumes/Black/Develop/Crack/Tools/Cocos/cocos-revert-2x/input/assets/resources/native/67/67c5f00a-59e5-412b-abeb-855055c84624.6f2c2.png
Scanning file: /Volumes/Black/Develop/Crack/Tools/Cocos/cocos-revert-2x/input/assets/resources/native/6b/6b1a9d1d-8584-4fd7-a12f-052351331c60.fb903.png
Scanning file: /Volumes/Black/Develop/Crack/Tools/Cocos/cocos-revert-2x/input/assets/resources/native/6b/6b2b9cb4-e689-4e2d-b75f-ad0f40a0cadb.65158.png
Scanning file: /Volumes/Black/Develop/Crack/Tools/Cocos/cocos-revert-2x/input/assets/resources/native/6c/6c7c2646-e37a-4899-975e-ac352d8db082.6c8a8.png
Scanning file: /Volumes/Black/Develop/Crack/Tools/Cocos/cocos-revert-2x/input/assets/resources/native/6e/6e8b54c2-d6bf-4374-bb90-317643c1bcc0.02f9f.png
Scanning file: /Volumes/Black/Develop/Crack/Tools/Cocos/cocos-revert-2x/input/assets/resources/native/6f/6f1d3ad3-6b1a-4d35-a573-653d0bfa9972.3d782.png
Scanning file: /Volumes/Black/Develop/Crack/Tools/Cocos/cocos-revert-2x/input/assets/resources/native/6f/6f4f7bd3-b5e6-4d3b-85ce-4f5895a57006.e9d72.png
Scanning file: /Volumes/Black/Develop/Crack/Tools/Cocos/cocos-revert-2x/input/assets/resources/native/6f/6f66a1a7-45c3-4bcb-a035-1d43373f3bec.59fdc.png
Scanning file: /Volumes/Black/Develop/Crack/Tools/Cocos/cocos-revert-2x/input/assets/resources/native/70/704e433f-1a2d-4c63-aa14-aa9287cf136f.98377.png
Scanning file: /Volumes/Black/Develop/Crack/Tools/Cocos/cocos-revert-2x/input/assets/resources/native/71/719618a7-ddd1-4045-a202-6a4f8d55611b.3c6c2.png
Scanning file: /Volumes/Black/Develop/Crack/Tools/Cocos/cocos-revert-2x/input/assets/resources/native/73/73208bdc-5d10-457d-a04f-8e740c0f5224.b2f92.png
Scanning file: /Volumes/Black/Develop/Crack/Tools/Cocos/cocos-revert-2x/input/assets/resources/native/73/736f4eb8-2bbe-452b-bac4-265d7c16132b.16174.png
Scanning file: /Volumes/Black/Develop/Crack/Tools/Cocos/cocos-revert-2x/input/assets/resources/native/73/73842abe-afa3-47c5-92c6-6c216dc86e28.331a8.png
Scanning file: /Volumes/Black/Develop/Crack/Tools/Cocos/cocos-revert-2x/input/assets/resources/native/74/742565b9-f40f-4fe6-a437-41deb25765f4.e7fed.png
Scanning file: /Volumes/Black/Develop/Crack/Tools/Cocos/cocos-revert-2x/input/assets/resources/native/75/75792b7b-10e1-49f8-8559-c4d8faaf93aa.28c1d.png
Scanning file: /Volumes/Black/Develop/Crack/Tools/Cocos/cocos-revert-2x/input/assets/resources/native/79/792c43d2-9d4b-4d20-8a7e-e4255e34a18e.834b2.png
Scanning file: /Volumes/Black/Develop/Crack/Tools/Cocos/cocos-revert-2x/input/assets/resources/native/7a/7a9f9044-2abd-4da8-9f5e-36f5f782c496.53d9b.png
Scanning file: /Volumes/Black/Develop/Crack/Tools/Cocos/cocos-revert-2x/input/assets/resources/native/7b/7b03d3e5-bb87-40a2-94a4-0ceeb38111ee.69b79.png
Scanning file: /Volumes/Black/Develop/Crack/Tools/Cocos/cocos-revert-2x/input/assets/resources/native/7b/7b4c7c16-c5e0-4415-9eed-2c9b12b28cac.71186.png
Scanning file: /Volumes/Black/Develop/Crack/Tools/Cocos/cocos-revert-2x/input/assets/resources/native/7c/7ccfdd27-95a0-4405-bc32-fe8dae5a366a.add92.png
Scanning file: /Volumes/Black/Develop/Crack/Tools/Cocos/cocos-revert-2x/input/assets/resources/native/7d/7dbe8f4c-df88-463c-90df-085cef6b1c86.ed8ba.png
Scanning file: /Volumes/Black/Develop/Crack/Tools/Cocos/cocos-revert-2x/input/assets/resources/native/80/802a10f0-d8a8-42e1-8eb0-6e338425097c.e0777.png
Scanning file: /Volumes/Black/Develop/Crack/Tools/Cocos/cocos-revert-2x/input/assets/resources/native/82/82db2267-67e6-439e-983a-d284b181a323.54bab.png
Scanning file: /Volumes/Black/Develop/Crack/Tools/Cocos/cocos-revert-2x/input/assets/resources/native/83/83c60a4c-eb6e-4edd-8ccd-29c584343345.ead13.png
Scanning file: /Volumes/Black/Develop/Crack/Tools/Cocos/cocos-revert-2x/input/assets/resources/native/86/86bd7444-7c8f-4c34-9def-5cc1c0eccdad.421c2.png
Scanning file: /Volumes/Black/Develop/Crack/Tools/Cocos/cocos-revert-2x/input/assets/resources/native/8b/8bc4550c-7bb9-46aa-8c95-da3030399e2c.7222f.png
Scanning file: /Volumes/Black/Develop/Crack/Tools/Cocos/cocos-revert-2x/input/assets/resources/native/8c/8cd0015a-9032-4766-a2ef-34914baae5c8.3aad0.png
Scanning file: /Volumes/Black/Develop/Crack/Tools/Cocos/cocos-revert-2x/input/assets/resources/native/8e/8ea87e41-4391-49fe-ba70-df5b1c4c233c.2bbdc.png
Scanning file: /Volumes/Black/Develop/Crack/Tools/Cocos/cocos-revert-2x/input/assets/resources/native/90/908d4bae-a472-49ab-86b5-a5f1a7a41283.d00fe.png
Scanning file: /Volumes/Black/Develop/Crack/Tools/Cocos/cocos-revert-2x/input/assets/resources/native/93/93b6856c-7491-4cbe-a65f-ce1adc87892a.79d75.mp3
Scanning file: /Volumes/Black/Develop/Crack/Tools/Cocos/cocos-revert-2x/input/assets/resources/native/95/95912302-b464-44e7-bac3-62e7a803e932.d2229.png
Scanning file: /Volumes/Black/Develop/Crack/Tools/Cocos/cocos-revert-2x/input/assets/resources/native/96/961f5f51-a38f-4222-b410-26eb9b46886d.ec07f.png
Scanning file: /Volumes/Black/Develop/Crack/Tools/Cocos/cocos-revert-2x/input/assets/resources/native/9a/9acf8b80-308d-40db-bab6-8e5b80221553.181df.png
Scanning file: /Volumes/Black/Develop/Crack/Tools/Cocos/cocos-revert-2x/input/assets/resources/native/9b/9bdf9bc3-8800-483c-969b-ab93bff1c8ab.d9c8a.png
Scanning file: /Volumes/Black/Develop/Crack/Tools/Cocos/cocos-revert-2x/input/assets/resources/native/9c/9c790c7b-9d57-4647-9c87-877d82e58d11.4f8cb.png
Scanning file: /Volumes/Black/Develop/Crack/Tools/Cocos/cocos-revert-2x/input/assets/resources/native/9d/9d4f3fa5-8dbb-430a-b10b-c26cbca487d6.2f2ea.png
Scanning file: /Volumes/Black/Develop/Crack/Tools/Cocos/cocos-revert-2x/input/assets/resources/native/9e/9e5af4b5-92de-4894-9239-37adb20e4495.3c373.png
Scanning file: /Volumes/Black/Develop/Crack/Tools/Cocos/cocos-revert-2x/input/assets/resources/native/9f/9fc77971-be1c-4335-bdf0-5fbabf4e4d96.312d0.png
Scanning file: /Volumes/Black/Develop/Crack/Tools/Cocos/cocos-revert-2x/input/assets/resources/native/a0/a04ecb81-af4c-469b-9f2c-bb07219a2c38.1982e.png
Scanning file: /Volumes/Black/Develop/Crack/Tools/Cocos/cocos-revert-2x/input/assets/resources/native/a0/a0a461cd-8801-4aad-ae94-d962d1fc45f6.69043.png
Scanning file: /Volumes/Black/Develop/Crack/Tools/Cocos/cocos-revert-2x/input/assets/resources/native/a3/a346cc67-6e6c-4255-b242-736360e061be.5dbe2.png
Scanning file: /Volumes/Black/Develop/Crack/Tools/Cocos/cocos-revert-2x/input/assets/resources/native/a5/a58e1a03-2dd6-4f08-9833-7635d4097ba4.128df.png
Scanning file: /Volumes/Black/Develop/Crack/Tools/Cocos/cocos-revert-2x/input/assets/resources/native/a7/a7661c14-2f64-4c71-befa-5551b945a91a.c1a38.png
Scanning file: /Volumes/Black/Develop/Crack/Tools/Cocos/cocos-revert-2x/input/assets/resources/native/a8/a81bf1a8-19a6-4357-af41-bc9e2a52c275.18a5a.png
Scanning file: /Volumes/Black/Develop/Crack/Tools/Cocos/cocos-revert-2x/input/assets/resources/native/a9/a9a564ff-61f0-4e27-b73c-835e1a5d1521.61af4.png
Scanning file: /Volumes/Black/Develop/Crack/Tools/Cocos/cocos-revert-2x/input/assets/resources/native/aa/aad7086e-65e8-44c4-905f-63796477e964.7b48b.mp3
Scanning file: /Volumes/Black/Develop/Crack/Tools/Cocos/cocos-revert-2x/input/assets/resources/native/ab/ab206029-0c86-4299-94fb-e469a069ba6c.5c307.png
Scanning file: /Volumes/Black/Develop/Crack/Tools/Cocos/cocos-revert-2x/input/assets/resources/native/ae/ae6837a1-0173-4314-978a-4710f6257698.ddbdb.png
Scanning file: /Volumes/Black/Develop/Crack/Tools/Cocos/cocos-revert-2x/input/assets/resources/native/af/afb83ad7-3f1d-4257-8063-68b832a4cc73.ceefe.png
Scanning file: /Volumes/Black/Develop/Crack/Tools/Cocos/cocos-revert-2x/input/assets/resources/native/b2/b21fe651-c5e8-4ebe-a0be-1a9b63d8b4ba.718bf.mp3
Scanning file: /Volumes/Black/Develop/Crack/Tools/Cocos/cocos-revert-2x/input/assets/resources/native/b4/b4fc44bb-13e2-4fa0-baca-1df6ec984367.17a42.mp3
Scanning file: /Volumes/Black/Develop/Crack/Tools/Cocos/cocos-revert-2x/input/assets/resources/native/b9/b93879fb-2ac6-4cf2-9b24-a19ccdd8e8ad.da5d6.png
Scanning file: /Volumes/Black/Develop/Crack/Tools/Cocos/cocos-revert-2x/input/assets/resources/native/b9/b9961407-b6ae-420a-8d1e-d44773f28d9a.a15c2.png
Scanning file: /Volumes/Black/Develop/Crack/Tools/Cocos/cocos-revert-2x/input/assets/resources/native/ba/badc6e9f-d0c0-4460-a687-65c153040910.aa06b.png
Scanning file: /Volumes/Black/Develop/Crack/Tools/Cocos/cocos-revert-2x/input/assets/resources/native/bb/bb3e109f-abab-4f41-b8c9-a4e046b98095.8cda7.png
Scanning file: /Volumes/Black/Develop/Crack/Tools/Cocos/cocos-revert-2x/input/assets/resources/native/bb/bb70a1a4-c90f-4418-b33e-c27330c235e3.39c5e.png
Scanning file: /Volumes/Black/Develop/Crack/Tools/Cocos/cocos-revert-2x/input/assets/resources/native/bc/bc0315a2-86d5-4695-b6e8-cf40629ed44e.27d95.png
Scanning file: /Volumes/Black/Develop/Crack/Tools/Cocos/cocos-revert-2x/input/assets/resources/native/bc/bc1ede2c-5de2-450f-bcd2-8e2471d98abe.dfc8f.png
Scanning file: /Volumes/Black/Develop/Crack/Tools/Cocos/cocos-revert-2x/input/assets/resources/native/c1/c1bed347-8400-41c8-bc8d-8c839d85a534.ead13.png
Scanning file: /Volumes/Black/Develop/Crack/Tools/Cocos/cocos-revert-2x/input/assets/resources/native/c3/c3b80c43-06c0-4988-a65e-14decb2ebcaa.7619c.png
Scanning file: /Volumes/Black/Develop/Crack/Tools/Cocos/cocos-revert-2x/input/assets/resources/native/c5/c511cb7e-ebc1-428f-9de6-3ca6d22b06c9.b0750.png
Scanning file: /Volumes/Black/Develop/Crack/Tools/Cocos/cocos-revert-2x/input/assets/resources/native/c5/c513de1a-88d6-47fe-a839-5c520e0fb664.1efb7.png
Scanning file: /Volumes/Black/Develop/Crack/Tools/Cocos/cocos-revert-2x/input/assets/resources/native/c5/c5e0c79d-969e-4563-aa2e-2cb2d70bbd92.91e64.png
Scanning file: /Volumes/Black/Develop/Crack/Tools/Cocos/cocos-revert-2x/input/assets/resources/native/c6/c6c83098-040a-4304-ac45-007274f13682.bc095.png
Scanning file: /Volumes/Black/Develop/Crack/Tools/Cocos/cocos-revert-2x/input/assets/resources/native/c6/c6d8639f-71c7-4f72-bcbc-dc69fa83fc10.9bc5d.png
Scanning file: /Volumes/Black/Develop/Crack/Tools/Cocos/cocos-revert-2x/input/assets/resources/native/c8/c864e079-3b6c-4df7-a36a-fdb6fcd277a6.ac720.png
Scanning file: /Volumes/Black/Develop/Crack/Tools/Cocos/cocos-revert-2x/input/assets/resources/native/c9/c9eded79-1598-495a-9e0e-056258c0733f.9b78b.png
Scanning file: /Volumes/Black/Develop/Crack/Tools/Cocos/cocos-revert-2x/input/assets/resources/native/ca/caac3c4a-047d-49b4-9eb9-b4c3ebd3a603.6fd82.png
Scanning file: /Volumes/Black/Develop/Crack/Tools/Cocos/cocos-revert-2x/input/assets/resources/native/cb/cb00894f-39d4-42e2-8c0b-cde6917a529f.a4e97.png
Scanning file: /Volumes/Black/Develop/Crack/Tools/Cocos/cocos-revert-2x/input/assets/resources/native/cc/cc6bbb5d-9920-43f6-82e4-c4fb0f550841.e3591.png
Scanning file: /Volumes/Black/Develop/Crack/Tools/Cocos/cocos-revert-2x/input/assets/resources/native/cd/cdd4e91c-b032-41e7-86ef-0a7533c78b3a.ca06c.png
Scanning file: /Volumes/Black/Develop/Crack/Tools/Cocos/cocos-revert-2x/input/assets/resources/native/cf/cf5af75d-3481-4445-95ab-1769ca0f3d8b.ba479.png
Scanning file: /Volumes/Black/Develop/Crack/Tools/Cocos/cocos-revert-2x/input/assets/resources/native/cf/cfba7731-2026-44e9-a366-4e4e3c8ca1b8.3a510.png
Scanning file: /Volumes/Black/Develop/Crack/Tools/Cocos/cocos-revert-2x/input/assets/resources/native/d2/d2e04691-c95e-4cdc-badc-5e2cab339234.e9d72.png
Scanning file: /Volumes/Black/Develop/Crack/Tools/Cocos/cocos-revert-2x/input/assets/resources/native/d6/d63fd736-a660-492a-9bb5-3771f7a6359c.7f5ab.png
Scanning file: /Volumes/Black/Develop/Crack/Tools/Cocos/cocos-revert-2x/input/assets/resources/native/d6/d6674ac8-9a4f-44f0-aa39-b6e4f5bff751.d81f1.png
Scanning file: /Volumes/Black/Develop/Crack/Tools/Cocos/cocos-revert-2x/input/assets/resources/native/d8/d82310e0-abb2-4a9c-9e3b-8d3b3b92e173.5de68.png
Scanning file: /Volumes/Black/Develop/Crack/Tools/Cocos/cocos-revert-2x/input/assets/resources/native/d8/d84708fa-379f-4f23-8209-cc9d15a6ee78.85bf8.png
Scanning file: /Volumes/Black/Develop/Crack/Tools/Cocos/cocos-revert-2x/input/assets/resources/native/d8/d8aca255-f25a-4697-9d78-8da3b25bcb82.098c4.png
Scanning file: /Volumes/Black/Develop/Crack/Tools/Cocos/cocos-revert-2x/input/assets/resources/native/d8/d8ff8fc6-1738-4072-811a-4c8d16200b40.ed98d.png
Scanning file: /Volumes/Black/Develop/Crack/Tools/Cocos/cocos-revert-2x/input/assets/resources/native/d9/d90ae13b-d724-4233-9ccf-46db0e5f8b81.e9d72.png
Scanning file: /Volumes/Black/Develop/Crack/Tools/Cocos/cocos-revert-2x/input/assets/resources/native/da/dae78ca8-a611-460c-ac49-fa77c52642e3.75666.png
Scanning file: /Volumes/Black/Develop/Crack/Tools/Cocos/cocos-revert-2x/input/assets/resources/native/db/dbe0399c-b351-4908-93fd-4f42cf3478f3.1b130.png
Scanning file: /Volumes/Black/Develop/Crack/Tools/Cocos/cocos-revert-2x/input/assets/resources/native/dc/dc67f24a-ed67-4435-af02-b47650e1aace.5c4db.png
Scanning file: /Volumes/Black/Develop/Crack/Tools/Cocos/cocos-revert-2x/input/assets/resources/native/dd/ddb4c6b5-f983-4fab-b3d4-1f1ab9b67307.d3216.png
Scanning file: /Volumes/Black/Develop/Crack/Tools/Cocos/cocos-revert-2x/input/assets/resources/native/df/df102858-91be-484a-b549-27b73fdcf0bc.3aa41.png
Scanning file: /Volumes/Black/Develop/Crack/Tools/Cocos/cocos-revert-2x/input/assets/resources/native/e2/e24ee23c-657c-4731-a9de-76ac3ccb5af4.3ce54.png
Scanning file: /Volumes/Black/Develop/Crack/Tools/Cocos/cocos-revert-2x/input/assets/resources/native/e3/e3ad1025-ba8c-4776-98a1-043a06d7c814.601bb.png
Scanning file: /Volumes/Black/Develop/Crack/Tools/Cocos/cocos-revert-2x/input/assets/resources/native/e7/e7c62d0d-026d-47fc-aa20-062bd45500d8.3eb00.png
Scanning file: /Volumes/Black/Develop/Crack/Tools/Cocos/cocos-revert-2x/input/assets/resources/native/ea/ea1f8ae7-c4af-41a9-9644-10c7d01663c5.5fda2.png
Scanning file: /Volumes/Black/Develop/Crack/Tools/Cocos/cocos-revert-2x/input/assets/resources/native/eb/eb0b4186-1a70-49a0-ae4b-ec335710b3d8.901b6.png
Scanning file: /Volumes/Black/Develop/Crack/Tools/Cocos/cocos-revert-2x/input/assets/resources/native/eb/eb1ef362-f2e2-40c2-bb9a-1e05014c200c.2797f.png
Scanning file: /Volumes/Black/Develop/Crack/Tools/Cocos/cocos-revert-2x/input/assets/resources/native/f3/f3ffc94a-5785-4e65-8649-fc46d8cce7ed.b69e2.png
Scanning file: /Volumes/Black/Develop/Crack/Tools/Cocos/cocos-revert-2x/input/assets/resources/native/f8/f830c35f-6400-4750-bb4c-8166ea0db3aa.032b3.png
Scanning file: /Volumes/Black/Develop/Crack/Tools/Cocos/cocos-revert-2x/input/assets/resources/native/f8/f841eaf4-9e24-46de-8673-62f09438dd58.3f6bd.png
Scanning file: /Volumes/Black/Develop/Crack/Tools/Cocos/cocos-revert-2x/input/assets/resources/native/f9/f91dbba0-6c06-44af-90d8-a85e8855bad2.4179a.png
Scanning file: /Volumes/Black/Develop/Crack/Tools/Cocos/cocos-revert-2x/input/assets/resources/native/f9/f99eac6d-46f3-4b30-ba58-7867fa07284b.22ce9.png
Scanning file: /Volumes/Black/Develop/Crack/Tools/Cocos/cocos-revert-2x/input/assets/resources/native/fe/feb6ae2b-af73-45fa-be5e-4329073d7100.cba37.png
Scanning file: /Volumes/Black/Develop/Crack/Tools/Cocos/cocos-revert-2x/input/assets/resources/native/fe/fec51366-4df6-4a4c-bea9-31643918d691.25177.png
Scanning file: /Volumes/Black/Develop/Crack/Tools/Cocos/cocos-revert-2x/input/assets/start-scene/config.json
Scanning file: /Volumes/Black/Develop/Crack/Tools/Cocos/cocos-revert-2x/input/assets/start-scene/import/04/048685a50.1d2f5.json
Scanning file: /Volumes/Black/Develop/Crack/Tools/Cocos/cocos-revert-2x/input/assets/start-scene/index.js
Scanning file: /Volumes/Black/Develop/Crack/Tools/Cocos/cocos-revert-2x/input/assets/start-scene/native/22/22d2947c-785f-4273-a533-35179265421b.4e9d5.png
Scanning file: /Volumes/Black/Develop/Crack/Tools/Cocos/cocos-revert-2x/input/assets/start-scene/native/3b/3bbccea3-7e26-4b67-aebf-4f9e5e68e53b.b4039.png
Scanning file: /Volumes/Black/Develop/Crack/Tools/Cocos/cocos-revert-2x/input/assets/start-scene/native/7c/7c45dc31-ade8-4b5e-8bb4-33e386b528db.9c324.png
Scanning file: /Volumes/Black/Develop/Crack/Tools/Cocos/cocos-revert-2x/input/assets/start-scene/native/93/93f250cb-29af-42f5-836b-d96b10b88110.f0f43.png
Scanning file: /Volumes/Black/Develop/Crack/Tools/Cocos/cocos-revert-2x/input/assets/start-scene/native/f7/f766f43b-1bf5-45d5-b93f-a3ae5a6f650d.85c7a.png
internal: 0 = 02delMVqdBD70a/HSD99FK : 0275e94c-56a7-410f-bd1a-fc7483f7d14a
internal: 1 = 0ek66qC1NOQLjgYmi04HvX : 0e93aeaa-0b53-4e40-b8e0-6268b4e07bd7
internal: 2 = 14TDKXr2NJ6LjvHPops74o : 144c3297-af63-49e8-b8ef-1cfa29b3be28
internal: 3 = 28dPjdQWxEQIG3VVl1Qm6T : 2874f8dd-416c-4440-81b7-555975426e93
internal: 4 = 2aKWBXJHxKHLvrBUi2yYZQ : 2a296057-247c-4a1c-bbeb-0548b6c98650
internal: 5 = 2afAA24LNP4YmYiaVLiivs : 2a7c0036-e0b3-4fe1-8998-89a54b8a2bec
internal: 6 = 30aC+Hnw1PF4pEcoY3kUYb : 30682f87-9f0d-4f17-8a44-72863791461b
internal: 7 = 3ae7efMv1CLq2ilvUY/tQi : 3a7bb79f-32fd-422e-ada2-96f518fed422
internal: 8 = 43L6CczwNM/6GGmCYEQIoH : 432fa09c-cf03-4cff-a186-982604408a07
internal: 9 = 46bU+b5fROqIXVPG6aZWWK : 466d4f9b-e5f4-4ea8-85d5-3c6e9a65658a
internal: 10 = 60AwGqM1dKELCGhPAR+jK6 : 600301aa-3357-4a10-b086-84f011fa32ba
internal: 11 = 6dkeWRTOBGXICfYQ7JUBnG : 6d91e591-4ce0-465c-809f-610ec95019c6
internal: 12 = 6fgBCSDDdPMInvyNlggls2 : 6f801092-0c37-4f30-89ef-c8d960825b36
internal: 13 = 7a/QZLET9IDreTiBfRn2PD : 7afd064b-113f-480e-b793-8817d19f63c3
internal: 14 = 82migssElAGb04Ws6NimQX : 829a282c-b049-4019-bd38-5ace8d8a6417
internal: 15 = a1U5RdJRFMFL57BdJC9H1X : a153945d-2511-4c14-be7b-05d242f47d57
internal: 16 = c0BAyVxX9JzZy8EjFrc9DU : c0040c95-c57f-49cd-9cbc-12316b73d0d4
internal: 17 = cffgu4qBxEqa150o1DmRAy : cf7e0bb8-a81c-44a9-ad79-d28d43991032
internal: 18 = e0LYfU5ZlNFoAB4UiRrGUG : e02d87d4-e599-4d16-8001-e14891ac6506
internal: 19 = ecpdLyjvZBwrvm+cedCcQy : eca5d2f2-8ef6-41c2-bbe6-f9c79d09c432
internal: 20 = f1h0LXVtJOta5JLZ1xCzfI : f18742d7-56d2-4eb5-ae49-2d9d710b37c8
0e93aeaa-0b53-4e40-b8e0-6268b4e07bd7 ttype =  cc.EffectAsset
144c3297-af63-49e8-b8ef-1cfa29b3be28 ttype =  cc.EffectAsset
2874f8dd-416c-4440-81b7-555975426e93 ttype =  cc.EffectAsset
2a296057-247c-4a1c-bbeb-0548b6c98650 ttype =  cc.Material
2a7c0036-e0b3-4fe1-8998-89a54b8a2bec ttype =  cc.EffectAsset
30682f87-9f0d-4f17-8a44-72863791461b ttype =  cc.EffectAsset
3a7bb79f-32fd-422e-ada2-96f518fed422 ttype =  cc.Material
432fa09c-cf03-4cff-a186-982604408a07 ttype =  cc.Material
466d4f9b-e5f4-4ea8-85d5-3c6e9a65658a ttype =  cc.Material
6d91e591-4ce0-465c-809f-610ec95019c6 ttype =  cc.EffectAsset
6f801092-0c37-4f30-89ef-c8d960825b36 ttype =  cc.Material
7afd064b-113f-480e-b793-8817d19f63c3 ttype =  cc.Material
829a282c-b049-4019-bd38-5ace8d8a6417 ttype =  cc.EffectAsset
a153945d-2511-4c14-be7b-05d242f47d57 ttype =  cc.Material
c0040c95-c57f-49cd-9cbc-12316b73d0d4 ttype =  cc.EffectAsset
cf7e0bb8-a81c-44a9-ad79-d28d43991032 ttype =  cc.Material
e02d87d4-e599-4d16-8001-e14891ac6506 ttype =  cc.Material
eca5d2f2-8ef6-41c2-bbe6-f9c79d09c432 ttype =  cc.Material
f18742d7-56d2-4eb5-ae49-2d9d710b37c8 ttype =  cc.EffectAsset
main: 0 = 21ZdnFEHdKeZm6Yx/7c7y/ : 2165d9c5-1077-4a79-99ba-631ffb73bcbf
main: 1 = 78xVKKie5OE4Xg0lokf43I : 78c5528a-89ee-4e13-85e0-d25a247f8dc8
main: 2 = ecpdLyjvZBwrvm+cedCcQy : eca5d2f2-8ef6-41c2-bbe6-f9c79d09c432
resources: 0 = 00QLL/nk5N86Z46dN3BqWm : 0040b2ff-9e4e-4df3-a678-e9d37706a5a6
resources: 1 = 0bR7qj3fxPNqRX9M3Bm/q6 : 0b47baa3-ddfc-4f36-a457-f4cdc19bfaba
resources: 2 = 0dEJWMOd1EpbXetV1KSYMA : 0d10958c-39dd-44a5-b5de-b55d4a498300
resources: 3 = 0dTBdUpJxNWKzuI3Z5NxT2 : 0d4c1754-a49c-4d58-acee-2376793714f6
resources: 4 = 12AgBimiRNgogpHL5IuF4s : 12020062-9a24-4d82-8829-1cbe48b85e2c
resources: 5 = 18yuISmPlHZLT55UXGSyLh : 18cae212-98f9-4764-b4f9-e545c64b22e1
resources: 6 = 19WIyXi2xOl7BzV/ZNbGD4 : 19588c97-8b6c-4e97-b073-57f64d6c60f8
resources: 7 = 1aWtnfcNxJR7eygfkUUuWH : 1a5ad9df-70dc-4947-b7b2-81f91452e587
resources: 8 = 1fja8DWD1BY5blxHXNd5FR : 1f8daf03-583d-4163-96e5-c475cd779151
resources: 9 = 26TNgFmAZODIbdGQwGElxS : 264cd805-9806-4e0c-86dd-190c06125c52
resources: 10 = 336vPgnuJEQ4hc/RRe36Fc : 33eaf3e0-9ee2-4443-885c-fd145edfa15c
resources: 11 = 39Kt6Utv1CI7+7rGiWNvZ3 : 392ade94-b6fd-4223-bfbb-ac689636f677
resources: 12 = 3b3G1FXmxGxoHs7j2GfPqf : 3bdc6d45-5e6c-46c6-81ec-ee3d867cfa9f
resources: 13 = 42sLoPKPVE1YxoHQhgg9m8 : 42b0ba0f-28f5-44d5-8c68-1d086083d9bc
resources: 14 = 45W9LU3DJLmZoG9wvQYB6H : 455bd2d4-dc32-4b99-9a06-f70bd0601e87
resources: 15 = 46ClBQQ/9DbY9MX0ySuJqT : 460a5050-43ff-436d-8f4c-5f4c92b89a93
resources: 16 = 47/XNQbHhEhLhxyG99qZjy : 47fd7350-6c78-4484-b871-c86f7da998f2
resources: 17 = 4bEjOXcXpCPpTf3gg0e2F4 : 4b123397-717a-423e-94df-de08347b6178
resources: 18 = 4e4Z69ap1HRpeWc/F5CDWT : 4ee19ebd-6a9d-4746-9796-73f179083593
resources: 19 = 4f9CPujuNGEpoBR7Z+3UUn : 4ff423ee-8ee3-4612-9a01-47b67edd4527
resources: 20 = 51ola0v4xE5KS4/VTBFFw6 : 51a256b4-bf8c-44e4-a4b8-fd54c1145c3a
resources: 21 = 529dXhYuxPd4lK0S6MeIgL : 52f5d5e1-62ec-4f77-894a-d12e8c78880b
resources: 22 = 59GaYK7oxHXp+XwEpiVa+b : 5919a60a-ee8c-475e-9f97-c04a6255af9b
resources: 23 = 5cxOPbuUlIpZDsNK+9BQkv : 5cc4e3db-b949-48a5-90ec-34afbd05092f
resources: 24 = 638FkXK71M2pBeZbGJCVHQ : 63f05917-2bbd-4cda-905e-65b1890951d0
resources: 25 = 64Ra8BowRKDa8o/BLmbjev : 6445af01-a304-4a0d-af28-fc12e66e37af
resources: 26 = 67g2BX3CBMHIJRaeq98NM8 : 67836057-dc20-4c1c-8251-69eabdf0d33c
resources: 27 = 6ei1TC1r9DdLuQMXZDwbzA : 6e8b54c2-d6bf-4374-bb90-317643c1bcc0
resources: 28 = 6fHTrTaxpNNaVzZT0L+ply : 6f1d3ad3-6b1a-4d35-a573-653d0bfa9972
resources: 29 = 74JWW59A9P5qQ3Qd6yV2X0 : 742565b9-f40f-4fe6-a437-41deb25765f4
resources: 30 = 75eSt7EOFJ+IVZxNj6r5Oq : 75792b7b-10e1-49f8-8559-c4d8faaf93aa
resources: 31 = 79LEPSnUtNIIp+5CVeNKGO : 792c43d2-9d4b-4d20-8a7e-e4255e34a18e
resources: 32 = 7an5BEKr1NqJ9eNvX3gsSW : 7a9f9044-2abd-4da8-9f5e-36f5f782c496
resources: 33 = 7bA9Plu4dAopSkDO6zgRHu : 7b03d3e5-bb87-40a2-94a4-0ceeb38111ee
resources: 34 = 7cz90nlaBEBbwy/o2uWjZq : 7ccfdd27-95a0-4405-bc32-fe8dae5a366a
resources: 35 = 7dvo9M34hGPJDfCFzvaxyG : 7dbe8f4c-df88-463c-90df-085cef6b1c86
resources: 36 = 822yJnZ+ZDnpg60oSxgaMj : 82db2267-67e6-439e-983a-d284b181a323
resources: 37 = 86vXREfI9MNJ3vXMHA7M2t : 86bd7444-7c8f-4c34-9def-5cc1c0eccdad
resources: 38 = 8c0AFakDJHZqLvNJFLquXI : 8cd0015a-9032-4766-a2ef-34914baae5c8
resources: 39 = 8eqH5BQ5FJ/rpw31scTCM8 : 8ea87e41-4391-49fe-ba70-df5b1c4c233c
resources: 40 = 93toVsdJFMvqZfzhrch4kq : 93b6856c-7491-4cbe-a65f-ce1adc87892a
resources: 41 = 95kSMCtGRE57rDYueoA+ky : 95912302-b464-44e7-bac3-62e7a803e932
resources: 42 = 9az4uAMI1A27q2jluAIhVT : 9acf8b80-308d-40db-bab6-8e5b80221553
resources: 43 = 9ceQx7nVdGR5yHh32C5Y0R : 9c790c7b-9d57-4647-9c87-877d82e58d11
resources: 44 = 9eWvS1kt5IlJI5N62yDkSV : 9e5af4b5-92de-4894-9239-37adb20e4495
resources: 45 = a3RsxnbmxCVbJCc2Ng4GG+ : a346cc67-6e6c-4255-b242-736360e061be
resources: 46 = a5jhoDLdZPCJgzdjXUCXuk : a58e1a03-2dd6-4f08-9833-7635d4097ba4
resources: 47 = a7ZhwUL2RMcb76VVG5Raka : a7661c14-2f64-4c71-befa-5551b945a91a
resources: 48 = a8G/GoGaZDV69BvJ4qUsJ1 : a81bf1a8-19a6-4357-af41-bc9e2a52c275
resources: 49 = a9pWT/YfBOJ7c8g14aXRUh : a9a564ff-61f0-4e27-b73c-835e1a5d1521
resources: 50 = aa1whuZehExJBfY3lkd+lk : aad7086e-65e8-44c4-905f-63796477e964
resources: 51 = abIGApDIZCmZT75Gmgabps : ab206029-0c86-4299-94fb-e469a069ba6c
resources: 52 = aeaDehAXNDFJeKRxD2JXaY : ae6837a1-0173-4314-978a-4710f6257698
resources: 53 = b2H+ZRxehOvqC+Gptj2LS6 : b21fe651-c5e8-4ebe-a0be-1a9b63d8b4ba
resources: 54 = b4/ES7E+JPoLrKHfbsmENn : b4fc44bb-13e2-4fa0-baca-1df6ec984367
resources: 55 = b9OHn7KsZM8pskoZzN2Oit : b93879fb-2ac6-4cf2-9b24-a19ccdd8e8ad
resources: 56 = b9lhQHtq5CCo0e1Edz8o2a : b9961407-b6ae-420a-8d1e-d44773f28d9a
resources: 57 = bbPhCfq6tPQbjJpOBGuYCV : bb3e109f-abab-4f41-b8c9-a4e046b98095
resources: 58 = bcAxWihtVGlbboz0BintRO : bc0315a2-86d5-4695-b6e8-cf40629ed44e
resources: 59 = c3uAxDBsBJiKZeFN7LLryq : c3b80c43-06c0-4988-a65e-14decb2ebcaa
resources: 60 = c5Ect+68FCj53mPKbSKwbJ : c511cb7e-ebc1-428f-9de6-3ca6d22b06c9
resources: 61 = c5E94aiNZH/qg5XFIOD7Zk : c513de1a-88d6-47fe-a839-5c520e0fb664
resources: 62 = c8ZOB5O2xN96Nq/bb80nem : c864e079-3b6c-4df7-a36a-fdb6fcd277a6
resources: 63 = carDxKBH1JtJ65tMPr06YD : caac3c4a-047d-49b4-9eb9-b4c3ebd3a603
resources: 64 = cbAIlPOdRC4owLzeaRelKf : cb00894f-39d4-42e2-8c0b-cde6917a529f
resources: 65 = cd1OkcsDJB54bvCnUzx4s6 : cdd4e91c-b032-41e7-86ef-0a7533c78b3a
resources: 66 = cfWvddNIFERZWrF2nKDz2L : cf5af75d-3481-4445-95ab-1769ca0f3d8b
resources: 67 = d6P9c2pmBJKpu1N3H3pjWc : d63fd736-a660-492a-9bb5-3771f7a6359c
resources: 68 = da54yophFGDKxJ+nfFJkLj : dae78ca8-a611-460c-ac49-fa77c52642e3
resources: 69 = db4Dmcs1FJCJP9T0LPNHjz : dbe0399c-b351-4908-93fd-4f42cf3478f3
resources: 70 = e3rRAluoxHdpihBDoG18gU : e3ad1025-ba8c-4776-98a1-043a06d7c814
resources: 71 = e7xi0NAm1H/KogBivUVQDY : e7c62d0d-026d-47fc-aa20-062bd45500d8
resources: 72 = eaH4rnxK9BqZZEEMfQFmPF : ea1f8ae7-c4af-41a9-9644-10c7d01663c5
resources: 73 = f3/8lKV4VOZYZJ/EbYzOft : f3ffc94a-5785-4e65-8649-fc46d8cce7ed
resources: 74 = f9nqxtRvNLMLpYeGf6ByhL : f99eac6d-46f3-4b30-ba58-7867fa07284b
resources: 75 = 03mGnDYIRLY7lzh+2gfPmj : 039869c3-6084-4b63-b973-87eda07cf9a3
resources: 76 = 0303H9jcBHL45+yl1L7nc1 : 03d371fd-8dc0-472f-8e7e-ca5d4bee7735
resources: 77 = 06GkIWS8hH8ac/TFySzwpd : 061a4216-4bc8-47f1-a73f-4c5c92cf0a5d
resources: 78 = 06f2+h8rZNDpkEHRjoYeHd : 067f6fa1-f2b6-4d0e-9904-1d18e861e1dd
resources: 79 = 07Xt9BAbNCZYB1j8JZrbPO : 075edf41-01b3-4265-8075-8fc259adb3ce
resources: 80 = 08uY5IiR1LAb8e1I5TXv13 : 08b98e48-891d-4b01-bf1e-d48e535efd77
resources: 81 = 09bjRtT3VIfbj6eArfxwi6 : 096e346d-4f75-487d-b8fa-780adfc708ba
resources: 82 = 0bUY25DUpEnbNONJq6dwdv : 0b518db9-0d4a-449d-b34e-349aba77076f
resources: 83 = 0dEtCSL3dE75lInpVNyZBJ : 0d12d092-2f77-44ef-9948-9e954dc99049
resources: 84 = 0eX55sqXtDb6pK7Hbl2e60 : 0e5f9e6c-a97b-436f-aa4a-ec76e5d9eeb4
resources: 85 = 0fUsNRdBNIRIkFYutH5PJ/ : 0f52c351-7413-4844-8905-62eb47e4f27f
resources: 86 = 0faT6DyidOYpyTLjO8Upor : 0f693e83-ca27-4e62-9c93-2e33bc529a2b
resources: 87 = 0f+UHa9A1PLZRw/KKfI0IQ : 0ff941da-f40d-4f2d-9470-fca29f234210
resources: 88 = 10Je6gxy9KQK7e7Dm6e/AD : 1025eea0-c72f-4a40-aede-ec39ba7bf003
resources: 89 = 12Mrx7VRZCWqWr8iqF4wO/ : 1232bc7b-5516-425a-a5ab-f22a85e303bf
resources: 90 = 12YsD43ThLuquSktCgafKM : 1262c0f8-dd38-4bba-ab92-92d0a069f28c
resources: 91 = 12aDwezY5O2prKRWPmmRUk : 12683c1e-cd8e-4eda-9aca-4563e6991524
resources: 92 = 14hUj5vlpGeqpoa+lWOYgu : 148548f9-be5a-467a-aa68-6be95639882e
resources: 93 = 1664Q0ReFD1on61JisKe0D : 16eb8434-45e1-43d6-89fa-d498ac29ed03
resources: 94 = 1alQLtePBMC4DBpjkGjyyB : 1a9502ed-78f0-4c0b-80c1-a639068f2c81
resources: 95 = 1a46FZniJIS7Ld7nzUtX8M : 1ae3a159-9e22-484b-b2dd-ee7cd4b57f0c
resources: 96 = 1fh0o4EbNGxpR3v0+bJoH2 : 1f874a38-11b3-46c6-9477-bf4f9b2681f6
resources: 97 = 24nJ3GEV9Psp/Ye/EIhu4O : 249c9dc6-115f-4fb2-9fd8-7bf10886ee0e
resources: 98 = 25C10mcrNK1LGhuzwenXxJ : 250b5d26-72b3-4ad4-b1a1-bb3c1e9d7c49
resources: 99 = 27VmucewlOWbHswhd4dXpU : 27566b9c-7b09-4e59-b1ec-c21778757a54
resources: 100 = 27XxjEYCNOdbnZhms/Q4Pq : 275f18c4-6023-4e75-b9d9-866b3f4383ea
resources: 101 = 28F/DfrfFM66xLMBLfMakK : 2817f0df-adf1-4ceb-ac4b-3012df31a90a
resources: 102 = 286/X43HtM0JK1fPGy+fH1 : 28ebf5f8-dc7b-4cd0-92b5-7cf1b2f9f1f5
resources: 103 = 2b21qFKJxMPafJ7Q5RbQGv : 2bdb5a85-289c-4c3d-a7c9-ed0e516d01af
resources: 104 = 2cWm5Bhi5B57OX720O0r9z : 2c5a6e41-862e-41e7-b397-ef6d0ed2bf73
resources: 105 = 2ca+DMp5VLGY0txYBSMLew : 2c6be0cc-a795-4b19-8d2d-c5805230b7b0
resources: 106 = 2cq4gptgNF45X2Ci+yFZm+ : 2cab8829-b603-45e3-95f6-0a2fb21599be
resources: 107 = 2dz68G36NBqoDKA7gugZ9j : 2dcfaf06-dfa3-41aa-80ca-03b82e819f63
resources: 108 = 30mQPzoM5LVbJ35cwWNyt7 : 309903f3-a0ce-4b55-b277-e5cc16372b7b
resources: 109 = 3110KYHsFB7JeXPvvYmi/z : 31d74298-1ec1-41ec-9797-3efbd89a2ff3
resources: 110 = 34XFXfMC9AC4wsE0u76f0W : 345c55df-302f-400b-8c2c-134bbbe9fd16
resources: 111 = 3aaG815D9PtY9btp3Tq0D3 : 3a686f35-e43f-4fb5-8f5b-b69dd3ab40f7
resources: 112 = 3dOeiy3e5CVrVPZOQl5XSJ : 3d39e8b2-ddee-4256-b54f-64e425e57489
resources: 113 = 3dPkhJbONBeo8909prqn5I : 3d3e4849-6ce3-417a-8f3d-d3da6baa7e48
resources: 114 = 3eWQMha7xBw7KdVH0qZIFn : 3e590321-6bbc-41c3-b29d-547d2a648167
resources: 115 = 3ef2JrU6dBb6e7EtHpQRmH : 3e7f626b-53a7-416f-a7bb-12d1e9411987
resources: 116 = 3f4Ho4q+FA1YcJ3GJb6uso : 3fe07a38-abe1-40d5-8709-dc625beaeb28
resources: 117 = 43AHKgKbJBfq5T/289jIdd : 430072a0-29b2-417e-ae53-ff6f3d8c875d
resources: 118 = 44upznL4VGSKlK0JOILo7Y : 44ba9ce7-2f85-4648-a94a-d093882e8ed8
resources: 119 = 493fvHePZKgYzBRjK3Tj8q : 49ddfbc7-78f6-4a81-8cc1-4632b74e3f2a
resources: 120 = 4cCKG0AhpJ86pOKuaIOfeW : 4c08a1b4-021a-49f3-aa4e-2ae68839f796
resources: 121 = 4djmy+rd1HvrZNgPpA9v56 : 4d8e6cbe-addd-47be-b64d-80fa40f6fe7a
resources: 122 = 52IrB/z/1N/4ZE3xmK1ns7 : 5222b07f-cffd-4dff-8644-df198ad67b3b
resources: 123 = 53c3OC5PxHD6jkwphIGMyk : 53737382-e4fc-470f-a8e4-c2984818cca4
resources: 124 = 545XYN3nZN77H8EwTIqBlC : 54e5760d-de76-4def-b1fc-1304c8a81942
resources: 125 = 55C0AC2bVIjaC9yXk9io/N : 550b4002-d9b5-488d-a0bd-c9793d8a8fcd
resources: 126 = 56MKNMKfZN/IO2L3YRnnlS : 5630a34c-29f6-4dfc-83b6-2f76119e7952
resources: 127 = 56Nj3KaTFCqoZTNgk/O/3v : 56363dca-6931-42aa-8653-36093f3bfdef
resources: 128 = 57G82MYoxA3q3sbkWghbN1 : 571bcd8c-628c-40de-adec-6e45a085b375
resources: 129 = 5bT6EOETZM7pehsKbCznxN : 5b4fa10e-1136-4cee-97a1-b0a6c2ce7c4d
resources: 130 = 5fjgSklG1MgZaoCJROVXvg : 5f8e04a4-946d-4c81-96a8-08944e557be0
resources: 131 = 60vlo/YUZFl6U2JqiJkM9w : 60be5a3f-6146-4597-a536-26a88990cf70
resources: 132 = 60zNYlPshCCq8ZsYfVZIkn : 60ccd625-3ec8-420a-af19-b187d5648927
resources: 133 = 61NdN5IRhJRooVMGlSQfRw : 6135d379-2118-4946-8a15-30695241f470
resources: 134 = 61h1y/uNFGTr/6PCAYmz8x : 61875cbf-b8d1-464e-bffa-3c20189b3f31
resources: 135 = 62JBXfEGdEPJwkptrwVL4E : 622415df-1067-443c-9c24-a6daf054be04
resources: 136 = 62Wfh6MmNMUZIQbT1VPJOG : 6259f87a-3263-4c51-9210-6d3d553c9386
resources: 137 = 62jQyq6z1OaawJLS94DpDr : 628d0caa-eb3d-4e69-ac09-2d2f780e90eb
resources: 138 = 629uzWLNlHl5EZE4ietAtJ : 62f6ecd6-2cd9-4797-9119-13889eb40b49
resources: 139 = 64CWK7BT9F7JSVcOi76j5B : 640962bb-053f-45ec-9495-70e8bbea3e41
resources: 140 = 67xfAKWeVBK6vrhVBVyEYk : 67c5f00a-59e5-412b-abeb-855055c84624
resources: 141 = 6bGp0dhYRP16EvBSNRMxxg : 6b1a9d1d-8584-4fd7-a12f-052351331c60
resources: 142 = 6bK5y05olOLbdfrQ9AoMrb : 6b2b9cb4-e689-4e2d-b75f-ad0f40a0cadb
resources: 143 = 6cOa++NQ1PyY0uglEpJ4Xp : 6c39afbe-350d-4fc9-8d2e-8251292785e9
resources: 144 = 6cSylEuMFPsr+9Xilx9BWb : 6c4b2944-b8c1-4fb2-bfbd-5e2971f4159b
resources: 145 = 6cfCZG43pImZderDUtjbCC : 6c7c2646-e37a-4899-975e-ac352d8db082
resources: 146 = 6fT3vTteZNO4XOT1iVpXAG : 6f4f7bd3-b5e6-4d3b-85ce-4f5895a57006
resources: 147 = 6fZqGnRcNLy6A1HUM3Pzvs : 6f66a1a7-45c3-4bcb-a035-1d43373f3bec
resources: 148 = 70TkM/Gi1MY6oUqpKHzxNv : 704e433f-1a2d-4c63-aa14-aa9287cf136f
resources: 149 = 71lhin3dFARaICak+NVWEb : 719618a7-ddd1-4045-a202-6a4f8d55611b
resources: 150 = 711Hwq4tRFE6INoIR1PZU0 : 71d47c2a-e2d4-4513-a20d-a084753d9534
resources: 151 = 73IIvcXRBFfaBPjnQMD1Ik : 73208bdc-5d10-457d-a04f-8e740c0f5224
resources: 152 = 73b064K75FK7rEJl18FhMr : 736f4eb8-2bbe-452b-bac4-265d7c16132b
resources: 153 = 73hCq+r6NHxZLGbCFtyG4o : 73842abe-afa3-47c5-92c6-6c216dc86e28
resources: 154 = 75Tzt/S6FOWLs/OBPH8ZAt : 754f3b7f-4ba1-4e58-bb3f-3813c7f1902d
resources: 155 = 76f6FimFNNJqXTGlx113iv : 767fa162-9853-4d26-a5d3-1a5c75d778af
resources: 156 = 77H7E5Dm9FQYYECDouvnte : 771fb139-0e6f-4541-8604-083a2ebe7b5e
resources: 157 = 7bTHwWxeBEFZ7tLJsSsoys : 7b4c7c16-c5e0-4415-9eed-2c9b12b28cac
resources: 158 = 7dt8afE4lO4qNrvoMPdLX1 : 7db7c69f-1389-4ee2-a36b-be830f74b5f5
resources: 159 = 80KhDw2KhC4Y6wbjOEJQl8 : 802a10f0-d8a8-42e1-8eb0-6e338425097c
resources: 160 = 83xgpM625O3YzNKcWENDNF : 83c60a4c-eb6e-4edd-8ccd-29c584343345
resources: 161 = 85sURZ44ZBmqd1NFX++fTr : 85b14459-e386-419a-a775-3455fef9f4eb
resources: 162 = 8bxFUMe7lGqoyV2jAwOZ4s : 8bc4550c-7bb9-46aa-8c95-da3030399e2c
resources: 163 = 90jUuupHJJq4a1pfGnpBKD : 908d4bae-a472-49ab-86b5-a5f1a7a41283
resources: 164 = 93HEVRLllMLKaXNyDdKgnd : 931c4551-2e59-4c2c-a697-3720dd2a09dd
resources: 165 = 96H19Ro49CIrQQJuubRoht : 961f5f51-a38f-4222-b410-26eb9b46886d
resources: 166 = 96NGgTv5RJa5tarO0cQU4T : 96346813-bf94-496b-9b5a-aced1c414e13
resources: 167 = 9ajs7yO4xDQaFsD5+Nzqn3 : 9a8ecef2-3b8c-4341-a16c-0f9f8dcea9f7
resources: 168 = 9b35vDiABIPJabq5O/8cir : 9bdf9bc3-8800-483c-969b-ab93bff1c8ab
resources: 169 = 9dDYImOsxId6dgChuXTU0h : 9d0d8226-3acc-4877-a760-0a1b974d4d21
resources: 170 = 9dTz+ljbtDCrELwmy8pIfW : 9d4f3fa5-8dbb-430a-b10b-c26cbca487d6
resources: 171 = 9fx3lxvhxDNb3wX7q/Tk2W : 9fc77971-be1c-4335-bdf0-5fbabf4e4d96
resources: 172 = a0TsuBr0xGm58suwchmiw4 : a04ecb81-af4c-469b-9f2c-bb07219a2c38
resources: 173 = a0pGHNiAFKra6U2WLR/EX2 : a0a461cd-8801-4aad-ae94-d962d1fc45f6
resources: 174 = a09ydUn2tNtK2g6U9KO0hj : a0f72754-9f6b-4db4-ada0-e94f4a3b4863
resources: 175 = a1uiU22c1Guq/VrXp7FCmD : a1ba2536-d9cd-46ba-afd5-ad7a7b142983
resources: 176 = a6fcjGHqZIP5bdrw1ixHdy : a67dc8c6-1ea6-483f-96dd-af0d62c47772
resources: 177 = a6x6uKE25GoZflNBh44RMo : a6c7ab8a-136e-46a1-97e5-341878e11328
resources: 178 = aa+u9XzJVJa4lsg1KiSek2 : aafaef57-cc95-496b-896c-8352a249e936
resources: 179 = acNbbIhjRA5K3dapwlqqhw : ac35b6c8-8634-40e4-addd-6a9c25aaa870
resources: 180 = afLtXS2hdBOq5Ux154g5Zu : af2ed5d2-da17-413a-ae54-c75e7883966e
resources: 181 = afuDrXPx1CV4BjaLgypMxz : afb83ad7-3f1d-4257-8063-68b832a4cc73
resources: 182 = b2BzTUujlIe6HpEerpnnPN : b20734d4-ba39-487b-a1e9-11eae99e73cd
resources: 183 = b3A0sEIkRCo7RU5AA4kHQN : b3034b04-2244-42a3-b454-e4003890740d
resources: 184 = b4aJkHHNVMepMsruWJtq+X : b4689907-1cd5-4c7a-932c-aee589b6af97
resources: 185 = b4sm8GudlEK4SUnBziPgO6 : b4b26f06-b9d9-442b-8494-9c1ce23e03ba
resources: 186 = baNguTaGhMZLM6kIaPzT4+ : ba360b93-6868-4c64-b33a-90868fcd3e3e
resources: 187 = ba3G6f0MBEYKaHZcFTBAkQ : badc6e9f-d0c0-4460-a687-65c153040910
resources: 188 = bbcKGkyQ9EGLM+wnMwwjXj : bb70a1a4-c90f-4418-b33e-c27330c235e3
resources: 189 = bcHt4sXeJFD7zSjiRx2Yq+ : bc1ede2c-5de2-450f-bcd2-8e2471d98abe
resources: 190 = c1vtNHhABByLyNjIOdhaU0 : c1bed347-8400-41c8-bc8d-8c839d85a534
resources: 191 = c2yv66hM9L/464h1LYeYyI : c2cafeba-84cf-4bff-8eb8-8752d8798c88
resources: 192 = c54Medlp5FY6ouLLLXC72S : c5e0c79d-969e-4563-aa2e-2cb2d70bbd92
resources: 193 = c6yDCYBApDBKxFAHJ08TaC : c6c83098-040a-4304-ac45-007274f13682
resources: 194 = c62GOfccdPcry83Gn6g/wQ : c6d8639f-71c7-4f72-bcbc-dc69fa83fc10
resources: 195 = c8DcJ15SVE/58ouhWh+A8P : c80dc275-e525-44ff-9f28-ba15a1f80f0f
resources: 196 = c95aDngBVCeZL68st86Nt1 : c9e5a0e7-8015-4279-92fa-f2cb7ce8db75
resources: 197 = c97e15FZhJWp4OBWJYwHM/ : c9eded79-1598-495a-9e0e-056258c0733f
resources: 198 = cca7tdmSBD9oLkxPsPVQhB : cc6bbb5d-9920-43f6-82e4-c4fb0f550841
resources: 199 = cfuncxICZE6aNmTk48jKG4 : cfba7731-2026-44e9-a366-4e4e3c8ca1b8
resources: 200 = d24EaRyV5M3LrcXiyrM5I0 : d2e04691-c95e-4cdc-badc-5e2cab339234
resources: 201 = d6Z0rImk9E8Ko5tuT1v/dR : d6674ac8-9a4f-44f0-aa39-b6e4f5bff751
resources: 202 = d6idvVpLpJ0ZqAy6A7Dp0U : d689dbd5-a4ba-49d1-9a80-cba03b0e9d14
resources: 203 = d8IxDgq7JKnJ47jTs7kuFz : d82310e0-abb2-4a9c-9e3b-8d3b3b92e173
resources: 204 = d8Rwj6N59PI4IJzJ0Vpu54 : d84708fa-379f-4f23-8209-cc9d15a6ee78
resources: 205 = d8oLw35yROH721r+sKA03R : d8a0bc37-e724-4e1f-bdb5-afeb0a034dd1
resources: 206 = d8rKJV8lpGl514jaOyW8uC : d8aca255-f25a-4697-9d78-8da3b25bcb82
resources: 207 = d8/4/GFzhAcoEaTI0WIAtA : d8ff8fc6-1738-4072-811a-4c8d16200b40
resources: 208 = d9CuE71yRCM5zPRtsOX4uB : d90ae13b-d724-4233-9ccf-46db0e5f8b81
resources: 209 = dcZ/JK7WdENa8CtHZQ4arO : dc67f24a-ed67-4435-af02-b47650e1aace
resources: 210 = ddtMa1+YNPq7PUHxq5tnMH : ddb4c6b5-f983-4fab-b3d4-1f1ab9b67307
resources: 211 = dfEChYkb5ISrVJJ7c/3PC8 : df102858-91be-484a-b549-27b73fdcf0bc
resources: 212 = df80xFKuZILLVkWPI2OE7i : dff34c45-2ae6-482c-b564-58f236384ee2
resources: 213 = e02/y/GKpIeb9+ZI+h+/cn : e0dbfcbf-18aa-4879-bf7e-648fa1fbf727
resources: 214 = e12A6VaUhGibzECb6CGINx : e1d80e95-6948-4689-bcc4-09be82188371
resources: 215 = e2TuI8ZXxHManedqw8y1r0 : e24ee23c-657c-4731-a9de-76ac3ccb5af4
resources: 216 = e6VDGPtFZC67Ze6cXr5UID : e654318f-b456-42eb-b65e-e9c5ebe54203
resources: 217 = e70crB4pNOM5YyBp7jn8u4 : e7d1cac1-e293-4e33-9632-069ee39fcbb8
resources: 218 = e85iz/7z5PI5FP5oSdrFw6 : e8e62cff-ef3e-4f23-914f-e6849dac5c3a
resources: 219 = ebC0GGGnBJoK5L7DNXELPY : eb0b4186-1a70-49a0-ae4b-ec335710b3d8
resources: 220 = ebHvNi8uJAwruaHgUBTCAM : eb1ef362-f2e2-40c2-bb9a-1e05014c200c
resources: 221 = ebxrDBiuVC+5ebR3m9Sl1O : ebc6b0c1-8ae5-42fb-979b-4779bd4a5d4e
resources: 222 = ecVSBTuLdKta/GpX2ADTCG : ec552053-b8b7-4ab5-afc6-a57d800d3086
resources: 223 = f1A5YWxc1CO70QcTlmvIAZ : f1039616-c5cd-423b-bd10-713966bc8019
resources: 224 = f5ErjI9jVFjIrr7PErNhwS : f512b8c8-f635-458c-8aeb-ecf12b361c12
resources: 225 = f5aOSHuRVK/ZwWSzxWI6Xc : f568e487-b915-4afd-9c16-4b3c5623a5dc
resources: 226 = f8MMNfZABHULtMgWbqDbOq : f830c35f-6400-4750-bb4c-8166ea0db3aa
resources: 227 = f8Qer0niRG3oZzYvCUON1Y : f841eaf4-9e24-46de-8673-62f09438dd58
resources: 228 = f8jYQdLXlNh6XCSgAiUTE4 : f88d841d-2d79-4d87-a5c2-4a0022513138
resources: 229 = f9HbugbAZEr5DYqF6IVbrS : f91dbba0-6c06-44af-90d8-a85e8855bad2
resources: 230 = fbCIMrFVVENIYycjTBACiX : fb08832b-1555-4434-8632-7234c1002897
resources: 231 = fbW4dh19RHPpMse2IkTHv6 : fb5b8761-d7d4-473e-932c-7b62244c7bfa
resources: 232 = fetq4rr3NF+r5eQykHPXEA : feb6ae2b-af73-45fa-be5e-4329073d7100
resources: 233 = fexRNmTfZKTL6pMWQ5GNaR : fec51366-4df6-4a4c-bea9-31643918d691
resources: 234 = 02delMVqdBD70a/HSD99FK : 0275e94c-56a7-410f-bd1a-fc7483f7d14a
resources: 235 = 02/iWQfbRGcpLK3QKdYmxR : 02fe2590-7db4-4672-92ca-dd029d626c51
resources: 236 = 12RFyTmKlDR5u97P+QGESR : 12445c93-98a9-4347-9bbd-ecff90184491
resources: 237 = 13d6w8axhLUYhuprAT5j+j : 1377ac3c-6b18-4b51-886e-a6b013e63fa3
resources: 238 = 16Y/Pj+ThJUo0UTmBbOVu5 : 1663f3e3-f938-4952-8d14-4e605b395bb9
resources: 239 = 1bcpXPG4NIgK5jj7ZcSOz0 : 1b7295cf-1b83-4880-ae63-8fb65c48ecf4
resources: 240 = 27XJ7ATK1JxJxT/uHy2bCt : 275c9ec0-4cad-49c4-9c53-fee1f2d9b0ad
resources: 241 = 29FJipp19BWq/ZNu2C8Tbf : 291498a9-a75f-415a-afd9-36ed82f136df
resources: 242 = 2c70hcJF9AnYUylVwbr+Al : 2cef485c-245f-409d-8532-955c1bafe025
resources: 243 = 2f1lcnNzpDQqACCUklCPKq : 2fd65727-373a-4342-a002-09492508f2aa
resources: 244 = 30nP7jltxNUZc7kWKTnRvy : 309cfee3-96dc-4d51-973b-9162939d1bf2
resources: 245 = 35mp8Q7nxKqI85iJEz6A5I : 359a9f10-ee7c-4aa8-8f39-889133e80e48
resources: 246 = 3ae7efMv1CLq2ilvUY/tQi : 3a7bb79f-32fd-422e-ada2-96f518fed422
resources: 247 = 3e/oP63+FEcoUGpfEIYpHO : 3efe83fa-dfe1-4472-8506-a5f1086291ce
resources: 248 = 44NlZ68b5F9bto2K+qNIW9 : 4436567a-f1be-45f5-bb68-d8afaa3485bd
resources: 249 = 44PNhvATZO3I4PNqaGG2OW : 443cd86f-0136-4edc-8e0f-36a6861b6396
resources: 250 = 45NgnQA81JR7pxiWeDe6oQ : 453609d0-03cd-4947-ba71-8967837baa10
resources: 251 = 47eTVh6etKk753zEARVZ48 : 47793561-e9eb-4a93-be77-cc4011559e3c
resources: 252 = 49kajrsjRByql+oOcpn1Vq : 4991a8eb-b234-41ca-a97e-a0e7299f556a
resources: 253 = 4dC/akuUBG4YBkYXjDgtKN : 4d0bf6a4-b940-46e1-8064-6178c382d28d
resources: 254 = 4d72FmSp9P8oSmP5SuDQH4 : 4def6166-4a9f-4ff2-84a6-3f94ae0d01f8
resources: 255 = 53SYFIMpBHWLb7BrQGFs6z : 53498148-3290-4758-b6fb-06b40616ceb3
resources: 256 = 535mgm52VN74kwNuAIC8NG : 53e66826-e765-4def-8930-36e0080bc346
resources: 257 = 592Kd0+MRPNLCVhUIIp5Sm : 59d8a774-f8c4-4f34-b095-854208a794a6
resources: 258 = 5bDGODLMNNhbvSjKcKYERc : 5b0c6383-2cc3-4d85-bbd2-8ca70a60445c
resources: 259 = 5f2iVTDjJOW7bUbnFX7Rvr : 5fda2553-0e32-4e5b-b6d4-6e7157ed1beb
resources: 260 = 63t19ljoFCNbz+PiVNojtJ : 63b75f65-8e81-4235-bcfe-3e254da23b49
resources: 261 = 65uf3rH/VIE6DnPIYA2s6g : 65b9fdeb-1ff5-4813-a0e7-3c8600dacea0
resources: 262 = 67kLCPvylL2JGVKJBThVe+ : 6790b08f-bf29-4bd8-9195-2890538557be
resources: 263 = 6eeE+8WQdDnoe/vesiDeCb : 6e784fbc-5907-439e-87bf-bdeb220de09b
resources: 264 = 76BLv3E11KBJq7noR/xs4Z : 7604bbf7-135d-4a04-9abb-9e847fc6ce19
resources: 265 = 78xVKKie5OE4Xg0lokf43I : 78c5528a-89ee-4e13-85e0-d25a247f8dc8
resources: 266 = 7aTFPYGg1KoZ8LRPUACqwH : 7a4c53d8-1a0d-4aa1-9f0b-44f5000aac07
resources: 267 = 7f3nt0b6RAzK5BoWD/pucK : 7fde7b74-6fa4-40cc-ae41-a160ffa6e70a
resources: 268 = 81Basw5ldCFrbdr7txZv3S : 8105ab30-e657-4216-b6dd-afbb7166fdd2
resources: 269 = 88AUV0iYpEk66gTXEPgQpR : 88014574-898a-4493-aea0-4d710f810a51
resources: 270 = 92jOSf3IFFd4Xgpuk4e2GY : 928ce49f-dc81-4577-85e0-a6e9387b6198
resources: 271 = 9djF969bpPk4CwjHFsxHuK : 9d8c5f7a-f5ba-4f93-80b0-8c716cc47b8a
resources: 272 = 9duve4bn5A85JLvEjNaj3G : 9dbaf7b8-6e7e-40f3-924b-bc48cd6a3dc6
resources: 273 = 9edu2jhYJBWbCIfWyEo0AG : 9e76eda3-8582-4159-b088-7d6c84a34006
resources: 274 = a0ya+HCo9Jv6AtoJOll6+Y : a0c9af87-0a8f-49bf-a02d-a093a597af98
resources: 275 = a2MjXRFdtLlYQ5ouAFv/+R : a23235d1-15db-4b95-8439-a2e005bfff91
resources: 276 = a3liu/1ZdGKZx/YYxRGFJ5 : a3962bbf-d597-4629-9c7f-618c51185279
resources: 277 = a4o/UIkZ1LCY6NohKzvDsb : a4a3f508-919d-4b09-8e8d-a212b3bc3b1b
resources: 278 = a8i5508zpMBoNHQrpVGyfr : a88b9e74-f33a-4c06-8347-42ba551b27eb
resources: 279 = aavHY9htNDEIailaOlKTep : aabc763d-86d3-4310-86a2-95a3a52937a9
resources: 280 = adbhYnao1MhJydbvrrpHdS : ad6e1627-6a8d-4c84-9c9d-6efaeba47752
resources: 281 = aev3e7Ds5EHa4YhPnSLsaF : aebf77bb-0ece-441d-ae18-84f9d22ec685
resources: 282 = b1y5W6duBH1qxEFXICJ19I : b1cb95ba-76e0-47d6-ac44-157202275f48
resources: 283 = b5mFItobxK3Jys5aJRVer7 : b598522d-a1bc-4adc-9cac-e5a25155eafb
resources: 284 = b5vDr2vOlDXoVJ1Tp7uiso : b5bc3af6-bce9-435e-8549-d53a7bba2b28
resources: 285 = b7Gv43zctEZ7I3Ma+Y6hRo : b71afe37-cdcb-4467-b237-31af98ea1468
resources: 286 = b7egepAztCKqLHflWMeLNp : b77a07a9-033b-422a-a2c7-7e558c78b369
resources: 287 = b8cttwGmlAyKVs1MAKO2FA : b872db70-1a69-40c8-a56c-d4c00a3b6140
resources: 288 = b8pAJXlgJNY7V2KigRouE8 : b8a40257-9602-4d63-b576-2a2811a2e13c
resources: 289 = bdni0SZIxP1KxlHtrFoQ6B : bd9e2d12-648c-4fd4-ac65-1edac5a10e81
resources: 290 = bejxHu1KtAfadoqzKRaKB0 : be8f11ee-d4ab-407d-a768-ab329168a074
resources: 291 = bf61ptd5xJaYXPkppcX+ZE : bfeb5a6d-779c-4969-85cf-929a5c5fe644
resources: 292 = c0OcDbm4xGtKNCFXFsBmW0 : c039c0db-9b8c-46b4-a342-15716c0665b4
resources: 293 = c54WGCrzRIorca5wd+xIVd : c5e16182-af34-48a2-b71a-e7077ec4855d
resources: 294 = c6yFmwFWxDgargFqO4XtLw : c6c859b0-156c-4381-aae0-16a3b85ed2f0
resources: 295 = ccTg1AilNEsYR78pOIkQJL : cc4e0d40-8a53-44b1-847b-f2938891024b
resources: 296 = d0/fsJcn5GTZbU7Wo5Al9J : d0fdfb09-727e-464d-96d4-ed6a39025f49
resources: 297 = d3Q9QafbBJ36s6vpd9XOGE : d343d41a-7db0-49df-ab3a-be977d5ce184
resources: 298 = d6e9iEvtBN8Lqm2JUMhANO : d67bd884-bed0-4df0-baa6-d8950c84034e
resources: 299 = d8VQF+MN1BtIWei/D2Nhc+ : d855017e-30dd-41b4-859e-8bf0f636173e
resources: 300 = d9er2vMVxC8Y/zWr2/UFno : d97abdaf-315c-42f1-8ff3-5abdbf5059e8
resources: 301 = d93kzxYwJLlZJegKRWCNzr : d9de4cf1-6302-4b95-925e-80a45608dceb
resources: 302 = dbGfeKSj5Bv4HoAaiTo4Lg : db19f78a-4a3e-41bf-81e8-01a893a382e0
resources: 303 = dcQIDwGZ5F87pK7SFn0xgr : dc4080f0-199e-45f3-ba4a-ed2167d3182b
resources: 304 = dddR7IZ1BCKowXzaGam8kp : dd751ec8-6750-422a-8c17-cda19a9bc929
resources: 305 = e39+E709VMDLutvbnx7Ikj : e3f7e13b-d3d5-4c0c-bbad-bdb9f1ec8923
resources: 306 = e4gXA6LoxLiLchVxXowDBN : e481703a-2e8c-4b88-b721-5715e8c0304d
resources: 307 = ecpdLyjvZBwrvm+cedCcQy : eca5d2f2-8ef6-41c2-bbe6-f9c79d09c432
resources: 308 = ef7PwuFttMjLYebzl2tFnJ : efecfc2e-16db-4c8c-b61e-6f3976b459c9
resources: 309 = f05jhteFBFHpK4WtM51DEq : f0e6386d-7850-451e-92b8-5ad339d4312a
resources: 310 = f054UPOu9NVZ0giwDs6Nwi : f0e7850f-3aef-4d55-9d20-8b00ece8dc22
resources: 311 = f3bEF7w65MnpU4EfTWk0RW : f36c417b-c3ae-4c9e-9538-11f4d6934456
resources: 312 = f58rwyDMxNZ5NLaZMdlGCN : f5f2bc32-0ccc-4d67-934b-69931d94608d
resources: 313 = f8tzFefHFO7az5mYT4reXP : f8b7315e-7c71-4eed-acf9-9984f8ade5cf
resources: 314 = f9voppP+JA54/qsodNfHKu : f9be8a69-3fe2-40e7-8fea-b2874d7c72ae
resources: 315 = fb2XLd4vlP/J3U5//IZDQa : fbd972dd-e2f9-4ffc-9dd4-e7ffc864341a
resources: 316 = fdy5cRJB9HqLvSnrkQeMFF : fdcb9711-241f-47a8-bbd2-9eb91078c145
0040b2ff-9e4e-4df3-a678-e9d37706a5a6 ttype =  cc.Texture2D
0b47baa3-ddfc-4f36-a457-f4cdc19bfaba ttype =  cc.Texture2D
0d10958c-39dd-44a5-b5de-b55d4a498300 ttype =  cc.Texture2D
0d4c1754-a49c-4d58-acee-2376793714f6 ttype =  cc.Texture2D
12020062-9a24-4d82-8829-1cbe48b85e2c ttype =  cc.Texture2D
18cae212-98f9-4764-b4f9-e545c64b22e1 ttype =  cc.Texture2D
19588c97-8b6c-4e97-b073-57f64d6c60f8 ttype =  cc.Texture2D
1a5ad9df-70dc-4947-b7b2-81f91452e587 ttype =  cc.Texture2D
1f8daf03-583d-4163-96e5-c475cd779151 ttype =  cc.AudioClip
264cd805-9806-4e0c-86dd-190c06125c52 ttype =  cc.Texture2D
33eaf3e0-9ee2-4443-885c-fd145edfa15c ttype =  cc.Texture2D
392ade94-b6fd-4223-bfbb-ac689636f677 ttype =  cc.Texture2D
3bdc6d45-5e6c-46c6-81ec-ee3d867cfa9f ttype =  cc.Texture2D
42b0ba0f-28f5-44d5-8c68-1d086083d9bc ttype =  cc.Texture2D
455bd2d4-dc32-4b99-9a06-f70bd0601e87 ttype =  cc.Texture2D
460a5050-43ff-436d-8f4c-5f4c92b89a93 ttype =  cc.AudioClip
47fd7350-6c78-4484-b871-c86f7da998f2 ttype =  cc.Texture2D
4b123397-717a-423e-94df-de08347b6178 ttype =  cc.Texture2D
4ee19ebd-6a9d-4746-9796-73f179083593 ttype =  cc.Texture2D
4ff423ee-8ee3-4612-9a01-47b67edd4527 ttype =  cc.Texture2D
51a256b4-bf8c-44e4-a4b8-fd54c1145c3a ttype =  cc.Texture2D
52f5d5e1-62ec-4f77-894a-d12e8c78880b ttype =  cc.Texture2D
5919a60a-ee8c-475e-9f97-c04a6255af9b ttype =  cc.Texture2D
5cc4e3db-b949-48a5-90ec-34afbd05092f ttype =  cc.Texture2D
63f05917-2bbd-4cda-905e-65b1890951d0 ttype =  cc.Texture2D
6445af01-a304-4a0d-af28-fc12e66e37af ttype =  cc.Texture2D
67836057-dc20-4c1c-8251-69eabdf0d33c ttype =  cc.Texture2D
6e8b54c2-d6bf-4374-bb90-317643c1bcc0 ttype =  cc.Texture2D
6f1d3ad3-6b1a-4d35-a573-653d0bfa9972 ttype =  cc.Texture2D
742565b9-f40f-4fe6-a437-41deb25765f4 ttype =  cc.Texture2D
75792b7b-10e1-49f8-8559-c4d8faaf93aa ttype =  cc.Texture2D
792c43d2-9d4b-4d20-8a7e-e4255e34a18e ttype =  cc.Texture2D
7a9f9044-2abd-4da8-9f5e-36f5f782c496 ttype =  cc.Texture2D
7b03d3e5-bb87-40a2-94a4-0ceeb38111ee ttype =  cc.Texture2D
7ccfdd27-95a0-4405-bc32-fe8dae5a366a ttype =  cc.Texture2D
7dbe8f4c-df88-463c-90df-085cef6b1c86 ttype =  cc.Texture2D
82db2267-67e6-439e-983a-d284b181a323 ttype =  cc.Texture2D
86bd7444-7c8f-4c34-9def-5cc1c0eccdad ttype =  cc.Texture2D
8cd0015a-9032-4766-a2ef-34914baae5c8 ttype =  cc.Texture2D
8ea87e41-4391-49fe-ba70-df5b1c4c233c ttype =  cc.Texture2D
93b6856c-7491-4cbe-a65f-ce1adc87892a ttype =  cc.AudioClip
95912302-b464-44e7-bac3-62e7a803e932 ttype =  cc.Texture2D
9acf8b80-308d-40db-bab6-8e5b80221553 ttype =  cc.Texture2D
9c790c7b-9d57-4647-9c87-877d82e58d11 ttype =  cc.Texture2D
9e5af4b5-92de-4894-9239-37adb20e4495 ttype =  cc.Texture2D
a346cc67-6e6c-4255-b242-736360e061be ttype =  cc.Texture2D
a58e1a03-2dd6-4f08-9833-7635d4097ba4 ttype =  cc.Texture2D
a7661c14-2f64-4c71-befa-5551b945a91a ttype =  cc.Texture2D
a81bf1a8-19a6-4357-af41-bc9e2a52c275 ttype =  cc.Texture2D
a9a564ff-61f0-4e27-b73c-835e1a5d1521 ttype =  cc.Texture2D
aad7086e-65e8-44c4-905f-63796477e964 ttype =  cc.AudioClip
ab206029-0c86-4299-94fb-e469a069ba6c ttype =  cc.Texture2D
ae6837a1-0173-4314-978a-4710f6257698 ttype =  cc.Texture2D
b21fe651-c5e8-4ebe-a0be-1a9b63d8b4ba ttype =  cc.AudioClip
b4fc44bb-13e2-4fa0-baca-1df6ec984367 ttype =  cc.AudioClip
b93879fb-2ac6-4cf2-9b24-a19ccdd8e8ad ttype =  cc.Texture2D
b9961407-b6ae-420a-8d1e-d44773f28d9a ttype =  cc.Texture2D
bb3e109f-abab-4f41-b8c9-a4e046b98095 ttype =  cc.Texture2D
bc0315a2-86d5-4695-b6e8-cf40629ed44e ttype =  cc.Texture2D
c3b80c43-06c0-4988-a65e-14decb2ebcaa ttype =  cc.Texture2D
c511cb7e-ebc1-428f-9de6-3ca6d22b06c9 ttype =  cc.Texture2D
c513de1a-88d6-47fe-a839-5c520e0fb664 ttype =  cc.Texture2D
c864e079-3b6c-4df7-a36a-fdb6fcd277a6 ttype =  cc.Texture2D
caac3c4a-047d-49b4-9eb9-b4c3ebd3a603 ttype =  cc.Texture2D
cb00894f-39d4-42e2-8c0b-cde6917a529f ttype =  cc.Texture2D
cdd4e91c-b032-41e7-86ef-0a7533c78b3a ttype =  cc.Texture2D
cf5af75d-3481-4445-95ab-1769ca0f3d8b ttype =  cc.Texture2D
d63fd736-a660-492a-9bb5-3771f7a6359c ttype =  cc.Texture2D
dae78ca8-a611-460c-ac49-fa77c52642e3 ttype =  cc.Texture2D
dbe0399c-b351-4908-93fd-4f42cf3478f3 ttype =  cc.Texture2D
e3ad1025-ba8c-4776-98a1-043a06d7c814 ttype =  cc.Texture2D
e7c62d0d-026d-47fc-aa20-062bd45500d8 ttype =  cc.Texture2D
ea1f8ae7-c4af-41a9-9644-10c7d01663c5 ttype =  cc.Texture2D
f3ffc94a-5785-4e65-8649-fc46d8cce7ed ttype =  cc.Texture2D
f99eac6d-46f3-4b30-ba58-7867fa07284b ttype =  cc.Texture2D
039869c3-6084-4b63-b973-87eda07cf9a3 ttype =  cc.SpriteFrame
03d371fd-8dc0-472f-8e7e-ca5d4bee7735 ttype =  cc.SpriteFrame
061a4216-4bc8-47f1-a73f-4c5c92cf0a5d ttype =  cc.SpriteFrame
067f6fa1-f2b6-4d0e-9904-1d18e861e1dd ttype =  cc.Prefab
075edf41-01b3-4265-8075-8fc259adb3ce ttype =  cc.SpriteFrame
0d12d092-2f77-44ef-9948-9e954dc99049 ttype =  cc.SpriteFrame
0f52c351-7413-4844-8905-62eb47e4f27f ttype =  cc.SpriteFrame
0f693e83-ca27-4e62-9c93-2e33bc529a2b ttype =  cc.SpriteFrame
1232bc7b-5516-425a-a5ab-f22a85e303bf ttype =  cc.SpriteFrame
1262c0f8-dd38-4bba-ab92-92d0a069f28c ttype =  cc.SpriteFrame
148548f9-be5a-467a-aa68-6be95639882e ttype =  cc.SpriteFrame
1ae3a159-9e22-484b-b2dd-ee7cd4b57f0c ttype =  cc.Prefab
1f874a38-11b3-46c6-9477-bf4f9b2681f6 ttype =  cc.Prefab
249c9dc6-115f-4fb2-9fd8-7bf10886ee0e ttype =  cc.Prefab
275f18c4-6023-4e75-b9d9-866b3f4383ea ttype =  cc.SpriteFrame
2817f0df-adf1-4ceb-ac4b-3012df31a90a ttype =  cc.SpriteFrame
2bdb5a85-289c-4c3d-a7c9-ed0e516d01af ttype =  cc.Prefab
2cab8829-b603-45e3-95f6-0a2fb21599be ttype =  cc.SpriteFrame
309903f3-a0ce-4b55-b277-e5cc16372b7b ttype =  cc.SpriteFrame
31d74298-1ec1-41ec-9797-3efbd89a2ff3 ttype =  cc.SpriteFrame
3a686f35-e43f-4fb5-8f5b-b69dd3ab40f7 ttype =  cc.SpriteFrame
3d3e4849-6ce3-417a-8f3d-d3da6baa7e48 ttype =  cc.SpriteFrame
3e7f626b-53a7-416f-a7bb-12d1e9411987 ttype =  cc.SpriteFrame
430072a0-29b2-417e-ae53-ff6f3d8c875d ttype =  cc.SpriteFrame
44ba9ce7-2f85-4648-a94a-d093882e8ed8 ttype =  cc.SpriteFrame
4d8e6cbe-addd-47be-b64d-80fa40f6fe7a ttype =  cc.SpriteFrame
5222b07f-cffd-4dff-8644-df198ad67b3b ttype =  cc.Prefab
54e5760d-de76-4def-b1fc-1304c8a81942 ttype =  cc.SpriteFrame
550b4002-d9b5-488d-a0bd-c9793d8a8fcd ttype =  cc.SpriteFrame
5630a34c-29f6-4dfc-83b6-2f76119e7952 ttype =  cc.SpriteFrame
56363dca-6931-42aa-8653-36093f3bfdef ttype =  cc.SpriteFrame
571bcd8c-628c-40de-adec-6e45a085b375 ttype =  cc.SpriteFrame
60be5a3f-6146-4597-a536-26a88990cf70 ttype =  cc.SpriteFrame
6135d379-2118-4946-8a15-30695241f470 ttype =  cc.SpriteFrame
622415df-1067-443c-9c24-a6daf054be04 ttype =  cc.SpriteFrame
6259f87a-3263-4c51-9210-6d3d553c9386 ttype =  cc.SpriteFrame
628d0caa-eb3d-4e69-ac09-2d2f780e90eb ttype =  cc.SpriteFrame
6c39afbe-350d-4fc9-8d2e-8251292785e9 ttype =  cc.SpriteFrame
6c4b2944-b8c1-4fb2-bfbd-5e2971f4159b ttype =  cc.Prefab
71d47c2a-e2d4-4513-a20d-a084753d9534 ttype =  cc.SpriteFrame
754f3b7f-4ba1-4e58-bb3f-3813c7f1902d ttype =  cc.SpriteFrame
767fa162-9853-4d26-a5d3-1a5c75d778af ttype =  cc.SpriteFrame
771fb139-0e6f-4541-8604-083a2ebe7b5e ttype =  cc.Prefab
7db7c69f-1389-4ee2-a36b-be830f74b5f5 ttype =  cc.SpriteFrame
85b14459-e386-419a-a775-3455fef9f4eb ttype =  cc.SpriteFrame
931c4551-2e59-4c2c-a697-3720dd2a09dd ttype =  cc.SpriteFrame
96346813-bf94-496b-9b5a-aced1c414e13 ttype =  cc.SpriteFrame
9a8ecef2-3b8c-4341-a16c-0f9f8dcea9f7 ttype =  cc.SpriteFrame
9d0d8226-3acc-4877-a760-0a1b974d4d21 ttype =  cc.SpriteFrame
a0f72754-9f6b-4db4-ada0-e94f4a3b4863 ttype =  cc.SpriteFrame
a1ba2536-d9cd-46ba-afd5-ad7a7b142983 ttype =  cc.SpriteFrame
a67dc8c6-1ea6-483f-96dd-af0d62c47772 ttype =  cc.SpriteFrame
a6c7ab8a-136e-46a1-97e5-341878e11328 ttype =  cc.SpriteFrame
aafaef57-cc95-496b-896c-8352a249e936 ttype =  cc.SpriteFrame
ac35b6c8-8634-40e4-addd-6a9c25aaa870 ttype =  cc.SpriteFrame
af2ed5d2-da17-413a-ae54-c75e7883966e ttype =  cc.SpriteFrame
b20734d4-ba39-487b-a1e9-11eae99e73cd ttype =  cc.SpriteFrame
b3034b04-2244-42a3-b454-e4003890740d ttype =  cc.SpriteFrame
b4689907-1cd5-4c7a-932c-aee589b6af97 ttype =  cc.SpriteFrame
b4b26f06-b9d9-442b-8494-9c1ce23e03ba ttype =  cc.SpriteFrame
ba360b93-6868-4c64-b33a-90868fcd3e3e ttype =  cc.SpriteFrame
c2cafeba-84cf-4bff-8eb8-8752d8798c88 ttype =  cc.SpriteFrame
c80dc275-e525-44ff-9f28-ba15a1f80f0f ttype =  cc.SpriteFrame
c9e5a0e7-8015-4279-92fa-f2cb7ce8db75 ttype =  cc.SpriteFrame
d689dbd5-a4ba-49d1-9a80-cba03b0e9d14 ttype =  cc.SpriteFrame
d8a0bc37-e724-4e1f-bdb5-afeb0a034dd1 ttype =  cc.Prefab
dff34c45-2ae6-482c-b564-58f236384ee2 ttype =  cc.SpriteFrame
e0dbfcbf-18aa-4879-bf7e-648fa1fbf727 ttype =  cc.SpriteFrame
e1d80e95-6948-4689-bcc4-09be82188371 ttype =  cc.SpriteFrame
e654318f-b456-42eb-b65e-e9c5ebe54203 ttype =  cc.SpriteFrame
e7d1cac1-e293-4e33-9632-069ee39fcbb8 ttype =  cc.Prefab
e8e62cff-ef3e-4f23-914f-e6849dac5c3a ttype =  cc.SpriteFrame
ebc6b0c1-8ae5-42fb-979b-4779bd4a5d4e ttype =  cc.SpriteFrame
ec552053-b8b7-4ab5-afc6-a57d800d3086 ttype =  cc.SpriteFrame
f1039616-c5cd-423b-bd10-713966bc8019 ttype =  cc.SpriteFrame
f512b8c8-f635-458c-8aeb-ecf12b361c12 ttype =  cc.SpriteFrame
f568e487-b915-4afd-9c16-4b3c5623a5dc ttype =  cc.Prefab
f88d841d-2d79-4d87-a5c2-4a0022513138 ttype =  cc.SpriteFrame
fb08832b-1555-4434-8632-7234c1002897 ttype =  cc.SpriteFrame
fb5b8761-d7d4-473e-932c-7b62244c7bfa ttype =  cc.SpriteFrame
f841eaf4-9e24-46de-8673-62f09438dd58 has spriteframe info
d90ae13b-d724-4233-9ccf-46db0e5f8b81 has spriteframe info
df102858-91be-484a-b549-27b73fdcf0bc has spriteframe info
62f6ecd6-2cd9-4797-9119-13889eb40b49 has spriteframe info
3e590321-6bbc-41c3-b29d-547d2a648167 has spriteframe info
6f4f7bd3-b5e6-4d3b-85ce-4f5895a57006 has spriteframe info
1025eea0-c72f-4a40-aede-ec39ba7bf003 has spriteframe info
0e5f9e6c-a97b-436f-aa4a-ec76e5d9eeb4 has spriteframe info
3d39e8b2-ddee-4256-b54f-64e425e57489 has spriteframe info
c6c83098-040a-4304-ac45-007274f13682 has spriteframe info
afb83ad7-3f1d-4257-8063-68b832a4cc73 has spriteframe info
d2e04691-c95e-4cdc-badc-5e2cab339234 has spriteframe info
5919a60a-ee8c-475e-9f97-c04a6255af9b has spriteframe info
bc1ede2c-5de2-450f-bcd2-8e2471d98abe has spriteframe info
53737382-e4fc-470f-a8e4-c2984818cca4 has spriteframe info
0b518db9-0d4a-449d-b34e-349aba77076f has spriteframe info
0ff941da-f40d-4f2d-9470-fca29f234210 has spriteframe info
49ddfbc7-78f6-4a81-8cc1-4632b74e3f2a has spriteframe info
704e433f-1a2d-4c63-aa14-aa9287cf136f has spriteframe info
28ebf5f8-dc7b-4cd0-92b5-7cf1b2f9f1f5 has spriteframe info
2c5a6e41-862e-41e7-b397-ef6d0ed2bf73 has spriteframe info
83c60a4c-eb6e-4edd-8ccd-29c584343345 has spriteframe info
719618a7-ddd1-4045-a202-6a4f8d55611b has spriteframe info
a04ecb81-af4c-469b-9f2c-bb07219a2c38 has spriteframe info
c1bed347-8400-41c8-bc8d-8c839d85a534 has spriteframe info
c5e0c79d-969e-4563-aa2e-2cb2d70bbd92 has spriteframe info
736f4eb8-2bbe-452b-bac4-265d7c16132b has spriteframe info
bb70a1a4-c90f-4418-b33e-c27330c235e3 has spriteframe info
4c08a1b4-021a-49f3-aa4e-2ae68839f796 has spriteframe info
8bc4550c-7bb9-46aa-8c95-da3030399e2c has spriteframe info
1a9502ed-78f0-4c0b-80c1-a639068f2c81 has spriteframe info
08b98e48-891d-4b01-bf1e-d48e535efd77 has spriteframe info
73842abe-afa3-47c5-92c6-6c216dc86e28 has spriteframe info
c6d8639f-71c7-4f72-bcbc-dc69fa83fc10 has spriteframe info
640962bb-053f-45ec-9495-70e8bbea3e41 has spriteframe info
eb0b4186-1a70-49a0-ae4b-ec335710b3d8 has spriteframe info
cc6bbb5d-9920-43f6-82e4-c4fb0f550841 has spriteframe info
096e346d-4f75-487d-b8fa-780adfc708ba has spriteframe info
f830c35f-6400-4750-bb4c-8166ea0db3aa has spriteframe info
27566b9c-7b09-4e59-b1ec-c21778757a54 has spriteframe info
3fe07a38-abe1-40d5-8709-dc625beaeb28 has spriteframe info
9d4f3fa5-8dbb-430a-b10b-c26cbca487d6 has spriteframe info
802a10f0-d8a8-42e1-8eb0-6e338425097c has spriteframe info
2dcfaf06-dfa3-41aa-80ca-03b82e819f63 has spriteframe info
fec51366-4df6-4a4c-bea9-31643918d691 has spriteframe info
d6674ac8-9a4f-44f0-aa39-b6e4f5bff751 has spriteframe info
bc0315a2-86d5-4695-b6e8-cf40629ed44e has spriteframe info
6f66a1a7-45c3-4bcb-a035-1d43373f3bec has spriteframe info
badc6e9f-d0c0-4460-a687-65c153040910 has spriteframe info
6b2b9cb4-e689-4e2d-b75f-ad0f40a0cadb has spriteframe info
6c7c2646-e37a-4899-975e-ac352d8db082 has spriteframe info
6b1a9d1d-8584-4fd7-a12f-052351331c60 has spriteframe info
a0a461cd-8801-4aad-ae94-d962d1fc45f6 has spriteframe info
908d4bae-a472-49ab-86b5-a5f1a7a41283 has spriteframe info
d8aca255-f25a-4697-9d78-8da3b25bcb82 has spriteframe info
ddb4c6b5-f983-4fab-b3d4-1f1ab9b67307 has spriteframe info
d8ff8fc6-1738-4072-811a-4c8d16200b40 has spriteframe info
cfba7731-2026-44e9-a366-4e4e3c8ca1b8 has spriteframe info
eb1ef362-f2e2-40c2-bb9a-1e05014c200c has spriteframe info
961f5f51-a38f-4222-b410-26eb9b46886d has spriteframe info
61875cbf-b8d1-464e-bffa-3c20189b3f31 has spriteframe info
345c55df-302f-400b-8c2c-134bbbe9fd16 has spriteframe info
d82310e0-abb2-4a9c-9e3b-8d3b3b92e173 has spriteframe info
12683c1e-cd8e-4eda-9aca-4563e6991524 has spriteframe info
67c5f00a-59e5-412b-abeb-855055c84624 has spriteframe info
c9eded79-1598-495a-9e0e-056258c0733f has spriteframe info
2c6be0cc-a795-4b19-8d2d-c5805230b7b0 has spriteframe info
5b4fa10e-1136-4cee-97a1-b0a6c2ce7c4d has spriteframe info
250b5d26-72b3-4ad4-b1a1-bb3c1e9d7c49 has spriteframe info
73208bdc-5d10-457d-a04f-8e740c0f5224 has spriteframe info
5f8e04a4-946d-4c81-96a8-08944e557be0 has spriteframe info
e24ee23c-657c-4731-a9de-76ac3ccb5af4 has spriteframe info
dc67f24a-ed67-4435-af02-b47650e1aace has spriteframe info
7b4c7c16-c5e0-4415-9eed-2c9b12b28cac has spriteframe info
9bdf9bc3-8800-483c-969b-ab93bff1c8ab has spriteframe info
feb6ae2b-af73-45fa-be5e-4329073d7100 has spriteframe info
d84708fa-379f-4f23-8209-cc9d15a6ee78 has spriteframe info
16eb8434-45e1-43d6-89fa-d498ac29ed03 has spriteframe info
60ccd625-3ec8-420a-af19-b187d5648927 has spriteframe info
f91dbba0-6c06-44af-90d8-a85e8855bad2 has spriteframe info
9fc77971-be1c-4335-bdf0-5fbabf4e4d96 has spriteframe info
7dbe8f4c-df88-463c-90df-085cef6b1c86 has spriteframe info
7dbe8f4c-df88-463c-90df-085cef6b1c86 cc.Texture2D
4ff423ee-8ee3-4612-9a01-47b67edd4527 has spriteframe info
4ff423ee-8ee3-4612-9a01-47b67edd4527 cc.Texture2D
9acf8b80-308d-40db-bab6-8e5b80221553 has spriteframe info
9acf8b80-308d-40db-bab6-8e5b80221553 cc.Texture2D
a81bf1a8-19a6-4357-af41-bc9e2a52c275 has spriteframe info
a81bf1a8-19a6-4357-af41-bc9e2a52c275 cc.Texture2D
9c790c7b-9d57-4647-9c87-877d82e58d11 has spriteframe info
9c790c7b-9d57-4647-9c87-877d82e58d11 cc.Texture2D
e7c62d0d-026d-47fc-aa20-062bd45500d8 has spriteframe info
e7c62d0d-026d-47fc-aa20-062bd45500d8 cc.Texture2D
6e8b54c2-d6bf-4374-bb90-317643c1bcc0 has spriteframe info
6e8b54c2-d6bf-4374-bb90-317643c1bcc0 cc.Texture2D
7ccfdd27-95a0-4405-bc32-fe8dae5a366a has spriteframe info
7ccfdd27-95a0-4405-bc32-fe8dae5a366a cc.Texture2D
dae78ca8-a611-460c-ac49-fa77c52642e3 has spriteframe info
dae78ca8-a611-460c-ac49-fa77c52642e3 cc.Texture2D
3bdc6d45-5e6c-46c6-81ec-ee3d867cfa9f has spriteframe info
3bdc6d45-5e6c-46c6-81ec-ee3d867cfa9f cc.Texture2D
c3b80c43-06c0-4988-a65e-14decb2ebcaa has spriteframe info
c3b80c43-06c0-4988-a65e-14decb2ebcaa cc.Texture2D
e3ad1025-ba8c-4776-98a1-043a06d7c814 has spriteframe info
e3ad1025-ba8c-4776-98a1-043a06d7c814 cc.Texture2D
9e5af4b5-92de-4894-9239-37adb20e4495 has spriteframe info
9e5af4b5-92de-4894-9239-37adb20e4495 cc.Texture2D
a346cc67-6e6c-4255-b242-736360e061be has spriteframe info
a346cc67-6e6c-4255-b242-736360e061be cc.Texture2D
ea1f8ae7-c4af-41a9-9644-10c7d01663c5 has spriteframe info
ea1f8ae7-c4af-41a9-9644-10c7d01663c5 cc.Texture2D
7a9f9044-2abd-4da8-9f5e-36f5f782c496 has spriteframe info
7a9f9044-2abd-4da8-9f5e-36f5f782c496 cc.Texture2D
5cc4e3db-b949-48a5-90ec-34afbd05092f has spriteframe info
5cc4e3db-b949-48a5-90ec-34afbd05092f cc.Texture2D
742565b9-f40f-4fe6-a437-41deb25765f4 has spriteframe info
742565b9-f40f-4fe6-a437-41deb25765f4 cc.Texture2D
51a256b4-bf8c-44e4-a4b8-fd54c1145c3a has spriteframe info
51a256b4-bf8c-44e4-a4b8-fd54c1145c3a cc.Texture2D
a9a564ff-61f0-4e27-b73c-835e1a5d1521 has spriteframe info
a9a564ff-61f0-4e27-b73c-835e1a5d1521 cc.Texture2D
264cd805-9806-4e0c-86dd-190c06125c52 has spriteframe info
264cd805-9806-4e0c-86dd-190c06125c52 cc.Texture2D
c513de1a-88d6-47fe-a839-5c520e0fb664 has spriteframe info
c513de1a-88d6-47fe-a839-5c520e0fb664 cc.Texture2D
19588c97-8b6c-4e97-b073-57f64d6c60f8 has spriteframe info
19588c97-8b6c-4e97-b073-57f64d6c60f8 cc.Texture2D
0d4c1754-a49c-4d58-acee-2376793714f6 has spriteframe info
0d4c1754-a49c-4d58-acee-2376793714f6 cc.Texture2D
0b47baa3-ddfc-4f36-a457-f4cdc19bfaba has spriteframe info
0b47baa3-ddfc-4f36-a457-f4cdc19bfaba cc.Texture2D
a7661c14-2f64-4c71-befa-5551b945a91a has spriteframe info
a7661c14-2f64-4c71-befa-5551b945a91a cc.Texture2D
cf5af75d-3481-4445-95ab-1769ca0f3d8b has spriteframe info
cf5af75d-3481-4445-95ab-1769ca0f3d8b cc.Texture2D
4b123397-717a-423e-94df-de08347b6178 has spriteframe info
4b123397-717a-423e-94df-de08347b6178 cc.Texture2D
86bd7444-7c8f-4c34-9def-5cc1c0eccdad has spriteframe info
86bd7444-7c8f-4c34-9def-5cc1c0eccdad cc.Texture2D
52f5d5e1-62ec-4f77-894a-d12e8c78880b has spriteframe info
52f5d5e1-62ec-4f77-894a-d12e8c78880b cc.Texture2D
dbe0399c-b351-4908-93fd-4f42cf3478f3 has spriteframe info
dbe0399c-b351-4908-93fd-4f42cf3478f3 cc.Texture2D
c511cb7e-ebc1-428f-9de6-3ca6d22b06c9 has spriteframe info
c511cb7e-ebc1-428f-9de6-3ca6d22b06c9 cc.Texture2D
ab206029-0c86-4299-94fb-e469a069ba6c has spriteframe info
ab206029-0c86-4299-94fb-e469a069ba6c cc.Texture2D
8cd0015a-9032-4766-a2ef-34914baae5c8 has spriteframe info
8cd0015a-9032-4766-a2ef-34914baae5c8 cc.Texture2D
ae6837a1-0173-4314-978a-4710f6257698 has spriteframe info
ae6837a1-0173-4314-978a-4710f6257698 cc.Texture2D
b9961407-b6ae-420a-8d1e-d44773f28d9a has spriteframe info
b9961407-b6ae-420a-8d1e-d44773f28d9a cc.Texture2D
1a5ad9df-70dc-4947-b7b2-81f91452e587 has spriteframe info
1a5ad9df-70dc-4947-b7b2-81f91452e587 cc.Texture2D
63f05917-2bbd-4cda-905e-65b1890951d0 has spriteframe info
63f05917-2bbd-4cda-905e-65b1890951d0 cc.Texture2D
67836057-dc20-4c1c-8251-69eabdf0d33c has spriteframe info
67836057-dc20-4c1c-8251-69eabdf0d33c cc.Texture2D
33eaf3e0-9ee2-4443-885c-fd145edfa15c has spriteframe info
33eaf3e0-9ee2-4443-885c-fd145edfa15c cc.Texture2D
0d10958c-39dd-44a5-b5de-b55d4a498300 has spriteframe info
0d10958c-39dd-44a5-b5de-b55d4a498300 cc.Texture2D
7b03d3e5-bb87-40a2-94a4-0ceeb38111ee has spriteframe info
7b03d3e5-bb87-40a2-94a4-0ceeb38111ee cc.Texture2D
82db2267-67e6-439e-983a-d284b181a323 has spriteframe info
82db2267-67e6-439e-983a-d284b181a323 cc.Texture2D
a58e1a03-2dd6-4f08-9833-7635d4097ba4 has spriteframe info
a58e1a03-2dd6-4f08-9833-7635d4097ba4 cc.Texture2D
12020062-9a24-4d82-8829-1cbe48b85e2c has spriteframe info
12020062-9a24-4d82-8829-1cbe48b85e2c cc.Texture2D
47fd7350-6c78-4484-b871-c86f7da998f2 has spriteframe info
47fd7350-6c78-4484-b871-c86f7da998f2 cc.Texture2D
392ade94-b6fd-4223-bfbb-ac689636f677 has spriteframe info
392ade94-b6fd-4223-bfbb-ac689636f677 cc.Texture2D
cb00894f-39d4-42e2-8c0b-cde6917a529f has spriteframe info
cb00894f-39d4-42e2-8c0b-cde6917a529f cc.Texture2D
cdd4e91c-b032-41e7-86ef-0a7533c78b3a has spriteframe info
cdd4e91c-b032-41e7-86ef-0a7533c78b3a cc.Texture2D
bb3e109f-abab-4f41-b8c9-a4e046b98095 has spriteframe info
bb3e109f-abab-4f41-b8c9-a4e046b98095 cc.Texture2D
455bd2d4-dc32-4b99-9a06-f70bd0601e87 has spriteframe info
455bd2d4-dc32-4b99-9a06-f70bd0601e87 cc.Texture2D
792c43d2-9d4b-4d20-8a7e-e4255e34a18e has spriteframe info
792c43d2-9d4b-4d20-8a7e-e4255e34a18e cc.Texture2D
6445af01-a304-4a0d-af28-fc12e66e37af has spriteframe info
6445af01-a304-4a0d-af28-fc12e66e37af cc.Texture2D
f3ffc94a-5785-4e65-8649-fc46d8cce7ed has spriteframe info
f3ffc94a-5785-4e65-8649-fc46d8cce7ed cc.Texture2D
95912302-b464-44e7-bac3-62e7a803e932 has spriteframe info
95912302-b464-44e7-bac3-62e7a803e932 cc.Texture2D
8ea87e41-4391-49fe-ba70-df5b1c4c233c has spriteframe info
8ea87e41-4391-49fe-ba70-df5b1c4c233c cc.Texture2D
0040b2ff-9e4e-4df3-a678-e9d37706a5a6 has spriteframe info
0040b2ff-9e4e-4df3-a678-e9d37706a5a6 cc.Texture2D
c864e079-3b6c-4df7-a36a-fdb6fcd277a6 has spriteframe info
c864e079-3b6c-4df7-a36a-fdb6fcd277a6 cc.Texture2D
b93879fb-2ac6-4cf2-9b24-a19ccdd8e8ad has spriteframe info
b93879fb-2ac6-4cf2-9b24-a19ccdd8e8ad cc.Texture2D
42b0ba0f-28f5-44d5-8c68-1d086083d9bc has spriteframe info
42b0ba0f-28f5-44d5-8c68-1d086083d9bc cc.Texture2D
6f1d3ad3-6b1a-4d35-a573-653d0bfa9972 has spriteframe info
6f1d3ad3-6b1a-4d35-a573-653d0bfa9972 cc.Texture2D
caac3c4a-047d-49b4-9eb9-b4c3ebd3a603 has spriteframe info
caac3c4a-047d-49b4-9eb9-b4c3ebd3a603 cc.Texture2D
d63fd736-a660-492a-9bb5-3771f7a6359c has spriteframe info
d63fd736-a660-492a-9bb5-3771f7a6359c cc.Texture2D
f99eac6d-46f3-4b30-ba58-7867fa07284b has spriteframe info
f99eac6d-46f3-4b30-ba58-7867fa07284b cc.Texture2D
75792b7b-10e1-49f8-8559-c4d8faaf93aa has spriteframe info
75792b7b-10e1-49f8-8559-c4d8faaf93aa cc.Texture2D
18cae212-98f9-4764-b4f9-e545c64b22e1 has spriteframe info
18cae212-98f9-4764-b4f9-e545c64b22e1 cc.Texture2D
4ee19ebd-6a9d-4746-9796-73f179083593 has spriteframe info
4ee19ebd-6a9d-4746-9796-73f179083593 cc.Texture2D
start-scene: 0 = 220pR8eF9Cc6UzNReSZUIb : 22d2947c-785f-4273-a533-35179265421b
start-scene: 1 = 3bvM6jfiZLZ66/T55eaOU7 : 3bbccea3-7e26-4b67-aebf-4f9e5e68e53b
start-scene: 2 = 7cRdwxrehLXou0M+OGtSjb : 7c45dc31-ade8-4b5e-8bb4-33e386b528db
start-scene: 3 = 938lDLKa9C9YNr2WsQuIEQ : 93f250cb-29af-42f5-836b-d96b10b88110
start-scene: 4 = f7ZvQ7G/VF1bk/o65ab2UN : f766f43b-1bf5-45d5-b93f-a3ae5a6f650d
start-scene: 5 = fbzmgCvaRGboQju3QDHZTM : fbce6802-bda4-466e-8423-bb74031d94cc
start-scene: 6 = 47mlGfHwtH86TT70NFjOmL : 479a519f-1f0b-47f3-a4d3-ef43458ce98b
start-scene: 7 = a5BLKASaFDlo1vE7nZpRQn : a504b280-49a1-4396-8d6f-13b9d9a51427
start-scene: 8 = bbWcOiRSNBD7icNhgLUZtv : bb59c3a2-4523-410f-b89c-36180b519b6f
start-scene: 9 = bdtYvqdBZESrKt15UyGDVQ : bdb58bea-7416-444a-b2ad-d79532183550
start-scene: 10 = dfIenMUmxMpKYe65T2tbrr : df21e9cc-526c-4ca4-a61e-eb94f6b5baeb
start-scene: 11 = ecpdLyjvZBwrvm+cedCcQy : eca5d2f2-8ef6-41c2-bbe6-f9c79d09c432
22d2947c-785f-4273-a533-35179265421b has spriteframe info
93f250cb-29af-42f5-836b-d96b10b88110 has spriteframe info
3bbccea3-7e26-4b67-aebf-4f9e5e68e53b has spriteframe info
7c45dc31-ade8-4b5e-8bb4-33e386b528db has spriteframe info
f766f43b-1bf5-45d5-b93f-a3ae5a6f650d has spriteframe info
start parse : OnlineAceMatchTwoResultView
start parse : OnlineAceMatchOneResultView
start parse : OnlineAceMain
start parse : OnlineAceSettingView
start parse : OnlineAceUserInfoView
start parse : OnlineAceHelpView
start parse : OnlineAceOnlineView
start parse : OnlineAceMatchOneView
start parse : OnlineAceRewardView
start parse : OnlineAceMatchTwoView
start parse : OnlineAceMainView
start parse : OnlineAceTipsView
start parse : OnlineAceMatchTwoResultView
start parse : OnlineAceMatchOneResultView
start parse : OnlineAceStart
create video.meta = /Volumes/Black/Develop/Crack/Tools/Cocos/cocos-revert-2x/output/resources/onlineace/audio/deal.mp3.meta
create video.meta = /Volumes/Black/Develop/Crack/Tools/Cocos/cocos-revert-2x/output/resources/onlineace/audio/click.mp3.meta
create video.meta = /Volumes/Black/Develop/Crack/Tools/Cocos/cocos-revert-2x/output/resources/onlineace/audio/winner.mp3.meta
create video.meta = /Volumes/Black/Develop/Crack/Tools/Cocos/cocos-revert-2x/output/resources/onlineace/audio/bgm.mp3.meta
create video.meta = /Volumes/Black/Develop/Crack/Tools/Cocos/cocos-revert-2x/output/resources/onlineace/audio/loser.mp3.meta
create video.meta = /Volumes/Black/Develop/Crack/Tools/Cocos/cocos-revert-2x/output/resources/onlineace/audio/reward.mp3.meta
Revert process completed.
